org.openqa.selenium.NoSuchElementException: Unable to locate element: {"method":"class name","selector":"playhere"}
Command duration or timeout: 33 milliseconds
For documentation on this error, please visit: http://seleniumhq.org/exceptions/no_such_element.html
Build info: version: '2.26.0', revision: '18041', time: '2012-11-01 19:33:38'
System info: os.name: 'Windows 7', os.arch: 'x86', os.version: '6.1', java.version: '1.6.0_31'
Driver info: driver.version: EventFiringWebDriver
Session ID: 4bc45ad3-e72f-4351-81fa-de0e4a003f09
Command duration or timeout: 2.91 seconds
For documentation on this error, please visit: http://seleniumhq.org/exceptions/no_such_element.html
Build info: version: '2.28.0', revision: '18309', time: '2012-12-11 15:53:30'
System info: os.name: 'Windows 8', os.arch: 'x86', os.version: '6.2', java.version: '1.7.0_09'
Session ID: 4c4c3fd160124d4b8b96ca000b92a799
Driver info: org.openqa.selenium.remote.RemoteWebDriver
Capabilities [{platform=XP, acceptSslCerts=true, javascriptEnabled=true, hasMetadata=true, browserName=firefox, rotatable=false, locationContextEnabled=true, webdriver.remote.sessionid=1355473193227, version=13.0, cssSelectorsEnabled=true, databaseEnabled=true, handlesAlerts=true, browserConnectionEnabled=true, webStorageEnabled=true, nativeEvents=true, applicationCacheEnabled=true, takesScreenshot=true}]


	at sun.reflect.NativeConstructorAccessorImpl.newInstance0(Native Method)


	at sun.reflect.NativeConstructorAccessorImpl.newInstance(Unknown Source)


	at sun.reflect.DelegatingConstructorAccessorImpl.newInstance(Unknown Source)


	at java.lang.reflect.Constructor.newInstance(Unknown Source)


	at org.openqa.selenium.remote.ErrorHandler.createThrowable(ErrorHandler.java:187)


	at org.openqa.selenium.remote.ErrorHandler.throwIfResponseFailed(ErrorHandler.java:145)


	at org.openqa.selenium.remote.RemoteWebDriver.execute(RemoteWebDriver.java:533)


	at org.openqa.selenium.remote.RemoteWebDriver.findElement(RemoteWebDriver.java:302)


	at org.openqa.selenium.remote.RemoteWebDriver.findElementByClassName(RemoteWebDriver.java:371)


	at org.openqa.selenium.By$ByClassName.findElement(By.java:371)


	at org.openqa.selenium.remote.RemoteWebDriver.findElement(RemoteWebDriver.java:294)


	at com.saucelabs.ZalerioTest.config.GameUtil.clickPlayHereForMultiTabIssue(GameUtil.java:15)


	at com.saucelabs.ZalerioTest.config.UserLogin.Olduserlogin(UserLogin.java:46)


	at com.saucelabs.ZalerioTest.test.Zalerio1UserBaseTest.setUp(Zalerio1UserBaseTest.java:137)


	at sun.reflect.NativeMethodAccessorImpl.invoke0(Native Method)


	at sun.reflect.NativeMethodAccessorImpl.invoke(Unknown Source)


	at sun.reflect.DelegatingMethodAccessorImpl.invoke(Unknown Source)


	at java.lang.reflect.Method.invoke(Unknown Source)


	at org.junit.runners.model.FrameworkMethod$1.runReflectiveCall(FrameworkMethod.java:45)


	at org.junit.internal.runners.model.ReflectiveCallable.run(ReflectiveCallable.java:15)


	at org.junit.runners.model.FrameworkMethod.invokeExplosively(FrameworkMethod.java:42)


	at org.junit.internal.runners.statements.RunBefores.evaluate(RunBefores.java:27)


	at org.junit.internal.runners.statements.RunAfters.evaluate(RunAfters.java:30)


	at org.junit.rules.TestWatcher$1.evaluate(TestWatcher.java:47)


	at org.junit.rules.TestWatcher$1.evaluate(TestWatcher.java:47)


	at org.junit.rules.RunRules.evaluate(RunRules.java:18)


	at org.junit.runners.ParentRunner.runLeaf(ParentRunner.java:263)


	at org.junit.runners.BlockJUnit4ClassRunner.runChild(BlockJUnit4ClassRunner.java:68)


	at org.junit.runners.BlockJUnit4ClassRunner.runChild(BlockJUnit4ClassRunner.java:47)


	at org.junit.runners.ParentRunner$3.run(ParentRunner.java:231)


	at org.junit.runners.ParentRunner$1.schedule(ParentRunner.java:60)


	at org.junit.runners.ParentRunner.runChildren(ParentRunner.java:229)


	at org.junit.runners.ParentRunner.access$000(ParentRunner.java:50)


	at org.junit.runners.ParentRunner$2.evaluate(ParentRunner.java:222)


	at org.junit.runners.ParentRunner.run(ParentRunner.java:300)


	at org.junit.runners.Suite.runChild(Suite.java:128)


	at org.junit.runners.Suite.runChild(Suite.java:24)


	at org.junit.runners.ParentRunner$3.run(ParentRunner.java:231)


	at java.util.concurrent.Executors$RunnableAdapter.call(Unknown Source)


	at java.util.concurrent.FutureTask$Sync.innerRun(Unknown Source)


	at java.util.concurrent.FutureTask.run(Unknown Source)


	at java.util.concurrent.ThreadPoolExecutor.runWorker(Unknown Source)


	at java.util.concurrent.ThreadPoolExecutor$Worker.run(Unknown Source)


	at java.lang.Thread.run(Unknown Source)


Caused by: org.openqa.selenium.NoSuchElementException: Unable to locate element: {"method":"class name","selector":"playhere"}
Command duration or timeout: 33 milliseconds
For documentation on this error, please visit: http://seleniumhq.org/exceptions/no_such_element.html
Build info: version: '2.26.0', revision: '18041', time: '2012-11-01 19:33:38'
System info: os.name: 'Windows 7', os.arch: 'x86', os.version: '6.1', java.version: '1.6.0_31'
Driver info: driver.version: EventFiringWebDriver
Session ID: 4bc45ad3-e72f-4351-81fa-de0e4a003f09
For documentation on this error, please visit: http://seleniumhq.org/exceptions/no_such_element.html
Build info: version: '2.28.0', revision: '18309', time: '2012-12-11 15:53:30'
System info: os.name: 'Windows 8', os.arch: 'x86', os.version: '6.2', java.version: '1.7.0_09'
Driver info: driver.version: EventFiringWebDriver


	at sun.reflect.NativeConstructorAccessorImpl.newInstance0(Native Method)


	at sun.reflect.NativeConstructorAccessorImpl.newInstance(Unknown Source)


	at sun.reflect.DelegatingConstructorAccessorImpl.newInstance(Unknown Source)


	at java.lang.reflect.Constructor.newInstance(Unknown Source)


	at org.openqa.selenium.remote.ErrorHandler.createThrowable(ErrorHandler.java:188)


	at org.openqa.selenium.remote.ErrorHandler.throwIfResponseFailed(ErrorHandler.java:145)


	at org.openqa.selenium.remote.RemoteWebDriver.execute(RemoteWebDriver.java:531)


	at org.openqa.selenium.remote.RemoteWebDriver.findElement(RemoteWebDriver.java:301)


	at org.openqa.selenium.remote.RemoteWebDriver.findElementByClassName(RemoteWebDriver.java:370)


	at org.openqa.selenium.By$ByClassName.findElement(By.java:370)


	at org.openqa.selenium.remote.RemoteWebDriver.findElement(RemoteWebDriver.java:293)


	at sun.reflect.NativeMethodAccessorImpl.invoke0(Native Method)


	at sun.reflect.NativeMethodAccessorImpl.invoke(Unknown Source)


	at sun.reflect.DelegatingMethodAccessorImpl.invoke(Unknown Source)


	at java.lang.reflect.Method.invoke(Unknown Source)


	at org.openqa.selenium.support.events.EventFiringWebDriver$2.invoke(EventFiringWebDriver.java:101)


	at $Proxy1.findElement(Unknown Source)


	at org.openqa.selenium.support.events.EventFiringWebDriver.findElement(EventFiringWebDriver.java:180)


	at org.openqa.selenium.remote.server.handler.FindElement.call(FindElement.java:47)


	at org.openqa.selenium.remote.server.handler.FindElement.call(FindElement.java:1)


	at java.util.concurrent.FutureTask$Sync.innerRun(Unknown Source)


	at java.util.concurrent.FutureTask.run(Unknown Source)


	at org.openqa.selenium.remote.server.DefaultSession$1.run(DefaultSession.java:150)


	at java.util.concurrent.ThreadPoolExecutor$Worker.runTask(Unknown Source)


	... 2 more


org.openqa.selenium.remote.UnreachableBrowserException: Error communicating with the remote browser. It may have died.
Build info: version: '2.28.0', revision: '18309', time: '2012-12-11 15:53:30'
System info: os.name: 'Windows 8', os.arch: 'x86', os.version: '6.2', java.version: '1.7.0_09'
Driver info: driver.version: RemoteWebDriver


	at org.openqa.selenium.remote.RemoteWebDriver.execute(RemoteWebDriver.java:527)


	at org.openqa.selenium.remote.RemoteWebDriver.findElement(RemoteWebDriver.java:302)


	at org.openqa.selenium.remote.RemoteWebDriver.findElementById(RemoteWebDriver.java:331)


	at org.openqa.selenium.By$ById.findElement(By.java:216)


	at org.openqa.selenium.remote.RemoteWebDriver.findElement(RemoteWebDriver.java:294)


	at com.saucelabs.ZalerioTest.config.GameUtil.closeGameEndPopUp(GameUtil.java:42)


	at com.saucelabs.ZalerioTest.config.UserLogin.Olduserlogin(UserLogin.java:72)


	at com.saucelabs.ZalerioTest.test.Zalerio1UserBaseTest.setUp(Zalerio1UserBaseTest.java:137)


	at sun.reflect.NativeMethodAccessorImpl.invoke0(Native Method)


	at sun.reflect.NativeMethodAccessorImpl.invoke(Unknown Source)


	at sun.reflect.DelegatingMethodAccessorImpl.invoke(Unknown Source)


	at java.lang.reflect.Method.invoke(Unknown Source)


	at org.junit.runners.model.FrameworkMethod$1.runReflectiveCall(FrameworkMethod.java:45)


	at org.junit.internal.runners.model.ReflectiveCallable.run(ReflectiveCallable.java:15)


	at org.junit.runners.model.FrameworkMethod.invokeExplosively(FrameworkMethod.java:42)


	at org.junit.internal.runners.statements.RunBefores.evaluate(RunBefores.java:27)


	at org.junit.internal.runners.statements.RunAfters.evaluate(RunAfters.java:30)


	at org.junit.rules.TestWatcher$1.evaluate(TestWatcher.java:47)


	at org.junit.rules.TestWatcher$1.evaluate(TestWatcher.java:47)


	at org.junit.rules.RunRules.evaluate(RunRules.java:18)


	at org.junit.runners.ParentRunner.runLeaf(ParentRunner.java:263)


	at org.junit.runners.BlockJUnit4ClassRunner.runChild(BlockJUnit4ClassRunner.java:68)


	at org.junit.runners.BlockJUnit4ClassRunner.runChild(BlockJUnit4ClassRunner.java:47)


	at org.junit.runners.ParentRunner$3.run(ParentRunner.java:231)


	at org.junit.runners.ParentRunner$1.schedule(ParentRunner.java:60)


	at org.junit.runners.ParentRunner.runChildren(ParentRunner.java:229)


	at org.junit.runners.ParentRunner.access$000(ParentRunner.java:50)


	at org.junit.runners.ParentRunner$2.evaluate(ParentRunner.java:222)


	at org.junit.runners.ParentRunner.run(ParentRunner.java:300)


	at org.junit.runners.Suite.runChild(Suite.java:128)


	at org.junit.runners.Suite.runChild(Suite.java:24)


	at org.junit.runners.ParentRunner$3.run(ParentRunner.java:231)


	at java.util.concurrent.Executors$RunnableAdapter.call(Unknown Source)


	at java.util.concurrent.FutureTask$Sync.innerRun(Unknown Source)


	at java.util.concurrent.FutureTask.run(Unknown Source)


	at java.util.concurrent.ThreadPoolExecutor.runWorker(Unknown Source)


	at java.util.concurrent.ThreadPoolExecutor$Worker.run(Unknown Source)


	at java.lang.Thread.run(Unknown Source)


Caused by: org.apache.http.conn.HttpHostConnectException: Connection to http://ondemand.saucelabs.com:80 refused


	at org.apache.http.impl.conn.DefaultClientConnectionOperator.openConnection(DefaultClientConnectionOperator.java:190)


	at org.apache.http.impl.conn.AbstractPoolEntry.open(AbstractPoolEntry.java:151)


	at org.apache.http.impl.conn.AbstractPooledConnAdapter.open(AbstractPooledConnAdapter.java:125)


	at org.apache.http.impl.client.DefaultRequestDirector.tryConnect(DefaultRequestDirector.java:640)


	at org.apache.http.impl.client.DefaultRequestDirector.execute(DefaultRequestDirector.java:479)


	at org.apache.http.impl.client.AbstractHttpClient.execute(AbstractHttpClient.java:906)


	at org.openqa.selenium.remote.HttpCommandExecutor.fallBackExecute(HttpCommandExecutor.java:331)


	at org.openqa.selenium.remote.HttpCommandExecutor.execute(HttpCommandExecutor.java:310)


	at org.openqa.selenium.remote.RemoteWebDriver.execute(RemoteWebDriver.java:506)


	... 37 more


Caused by: java.net.ConnectException: Connection timed out: connect


	at java.net.DualStackPlainSocketImpl.waitForConnect(Native Method)


	at java.net.DualStackPlainSocketImpl.socketConnect(Unknown Source)


	at java.net.AbstractPlainSocketImpl.doConnect(Unknown Source)


	at java.net.AbstractPlainSocketImpl.connectToAddress(Unknown Source)


	at java.net.AbstractPlainSocketImpl.connect(Unknown Source)


	at java.net.PlainSocketImpl.connect(Unknown Source)


	at java.net.SocksSocketImpl.connect(Unknown Source)


	at java.net.Socket.connect(Unknown Source)


	at org.apache.http.conn.scheme.PlainSocketFactory.connectSocket(PlainSocketFactory.java:127)


	at org.apache.http.impl.conn.DefaultClientConnectionOperator.openConnection(DefaultClientConnectionOperator.java:180)


	... 45 more


ok button found

SauceOnDemandSessionID=4c4c3fd160124d4b8b96ca000b92a799 job-name=com.saucelabs.ZalerioTest.test.RightHUDTest.rightHUDTest[0]

