org.openqa.selenium.NoSuchElementException: The element could not be found (WARNING: The server did not provide any stacktrace information)
Command duration or timeout: 39 milliseconds
For documentation on this error, please visit: http://seleniumhq.org/exceptions/no_such_element.html
Build info: version: '2.18.0', revision: '15704', time: '2012-07-21 01:03:50'
System info: os.name: 'Windows 7', os.arch: 'x86', os.version: '6.1', java.version: '1.6.0_31'
Driver info: driver.version: EventFiringWebDriver
Command duration or timeout: 1.64 seconds
For documentation on this error, please visit: http://seleniumhq.org/exceptions/no_such_element.html
Build info: version: '2.26.0', revision: '18040', time: '2012-11-02 09:44:45'
System info: os.name: 'Windows 8', os.arch: 'x86', os.version: '6.2', java.version: '1.7.0_09'
Driver info: driver.version: RemoteWebDriver
Session ID: 61d962770c44407688c16a95431336d6


	at sun.reflect.NativeConstructorAccessorImpl.newInstance0(Native Method)


	at sun.reflect.NativeConstructorAccessorImpl.newInstance(NativeConstructorAccessorImpl.java:57)


	at sun.reflect.DelegatingConstructorAccessorImpl.newInstance(DelegatingConstructorAccessorImpl.java:45)


	at java.lang.reflect.Constructor.newInstance(Constructor.java:525)


	at org.openqa.selenium.remote.ErrorHandler.createThrowable(ErrorHandler.java:188)


	at org.openqa.selenium.remote.ErrorHandler.throwIfResponseFailed(ErrorHandler.java:145)


	at org.openqa.selenium.remote.RemoteWebDriver.execute(RemoteWebDriver.java:531)


	at org.openqa.selenium.remote.RemoteWebDriver.findElement(RemoteWebDriver.java:301)


	at org.openqa.selenium.remote.RemoteWebDriver.findElementByClassName(RemoteWebDriver.java:370)


	at org.openqa.selenium.By$ByClassName.findElement(By.java:370)


	at org.openqa.selenium.remote.RemoteWebDriver.findElement(RemoteWebDriver.java:293)


	at com.zalerio.config.GameUtil.clickPlayHereForMultiTabIssue(GameUtil.java:14)


	at com.zalerio.config.UserLogin.Olduserlogin(UserLogin.java:26)


	at com.zalerio.test.ZalerioBaseTest.setUp(ZalerioBaseTest.java:153)


	at sun.reflect.NativeMethodAccessorImpl.invoke0(Native Method)


	at sun.reflect.NativeMethodAccessorImpl.invoke(NativeMethodAccessorImpl.java:57)


	at sun.reflect.DelegatingMethodAccessorImpl.invoke(DelegatingMethodAccessorImpl.java:43)


	at java.lang.reflect.Method.invoke(Method.java:601)


	at org.junit.runners.model.FrameworkMethod$1.runReflectiveCall(FrameworkMethod.java:45)


	at org.junit.internal.runners.model.ReflectiveCallable.run(ReflectiveCallable.java:15)


	at org.junit.runners.model.FrameworkMethod.invokeExplosively(FrameworkMethod.java:42)


	at org.junit.internal.runners.statements.RunBefores.evaluate(RunBefores.java:27)


	at org.junit.internal.runners.statements.RunAfters.evaluate(RunAfters.java:30)


	at org.junit.rules.TestWatcher$1.evaluate(TestWatcher.java:47)


	at org.junit.rules.TestWatcher$1.evaluate(TestWatcher.java:47)


	at org.junit.rules.RunRules.evaluate(RunRules.java:18)


	at org.junit.runners.ParentRunner.runLeaf(ParentRunner.java:263)


	at org.junit.runners.BlockJUnit4ClassRunner.runChild(BlockJUnit4ClassRunner.java:68)


	at org.junit.runners.BlockJUnit4ClassRunner.runChild(BlockJUnit4ClassRunner.java:47)


	at org.junit.runners.ParentRunner$3.run(ParentRunner.java:231)


	at org.junit.runners.ParentRunner$1.schedule(ParentRunner.java:60)


	at org.junit.runners.ParentRunner.runChildren(ParentRunner.java:229)


	at org.junit.runners.ParentRunner.access$000(ParentRunner.java:50)


	at org.junit.runners.ParentRunner$2.evaluate(ParentRunner.java:222)


	at org.junit.runners.ParentRunner.run(ParentRunner.java:300)


	at org.apache.maven.surefire.junit4.JUnit4TestSet.execute(JUnit4TestSet.java:53)


	at org.apache.maven.surefire.junit4.JUnit4Provider.executeTestSet(JUnit4Provider.java:123)


	at org.apache.maven.surefire.junit4.JUnit4Provider.invoke(JUnit4Provider.java:104)


	at sun.reflect.NativeMethodAccessorImpl.invoke0(Native Method)


	at sun.reflect.NativeMethodAccessorImpl.invoke(NativeMethodAccessorImpl.java:57)


	at sun.reflect.DelegatingMethodAccessorImpl.invoke(DelegatingMethodAccessorImpl.java:43)


	at java.lang.reflect.Method.invoke(Method.java:601)


	at org.apache.maven.surefire.util.ReflectionUtils.invokeMethodWithArray(ReflectionUtils.java:164)


	at org.apache.maven.surefire.booter.ProviderFactory$ProviderProxy.invoke(ProviderFactory.java:110)


	at org.apache.maven.surefire.booter.SurefireStarter.invokeProvider(SurefireStarter.java:175)


	at org.apache.maven.surefire.booter.SurefireStarter.runSuitesInProcessWhenForked(SurefireStarter.java:107)


	at org.apache.maven.surefire.booter.ForkedBooter.main(ForkedBooter.java:68)


Caused by: org.openqa.selenium.NoSuchElementException: The element could not be found (WARNING: The server did not provide any stacktrace information)
Command duration or timeout: 39 milliseconds
For documentation on this error, please visit: http://seleniumhq.org/exceptions/no_such_element.html
Build info: version: '2.18.0', revision: '15704', time: '2012-07-21 01:03:50'
System info: os.name: 'Windows 7', os.arch: 'x86', os.version: '6.1', java.version: '1.6.0_31'
Driver info: driver.version: EventFiringWebDriver
For documentation on this error, please visit: http://seleniumhq.org/exceptions/no_such_element.html
Build info: version: '2.26.0', revision: '18040', time: '2012-11-02 09:44:45'
System info: os.name: 'Windows 8', os.arch: 'x86', os.version: '6.2', java.version: '1.7.0_09'
Driver info: driver.version: EventFiringWebDriver


	at sun.reflect.NativeConstructorAccessorImpl.newInstance0(Native Method)


	at sun.reflect.NativeConstructorAccessorImpl.newInstance(Unknown Source)


	at sun.reflect.DelegatingConstructorAccessorImpl.newInstance(Unknown Source)


	at java.lang.reflect.Constructor.newInstance(Unknown Source)


	at org.openqa.selenium.remote.ErrorHandler.createThrowable(ErrorHandler.java:147)


	at org.openqa.selenium.remote.ErrorHandler.throwIfResponseFailed(ErrorHandler.java:113)


	at org.openqa.selenium.remote.RemoteWebDriver.execute(RemoteWebDriver.java:439)


	at org.openqa.selenium.remote.RemoteWebDriver.findElement(RemoteWebDriver.java:226)


	at org.openqa.selenium.remote.RemoteWebDriver.findElementByClassName(RemoteWebDriver.java:283)


	at org.openqa.selenium.By$ByClassName.findElement(By.java:371)


	at org.openqa.selenium.remote.RemoteWebDriver.findElement(RemoteWebDriver.java:218)


	at sun.reflect.NativeMethodAccessorImpl.invoke0(Native Method)


	at sun.reflect.NativeMethodAccessorImpl.invoke(Unknown Source)


	at sun.reflect.DelegatingMethodAccessorImpl.invoke(Unknown Source)


	at java.lang.reflect.Method.invoke(Unknown Source)


	at org.openqa.selenium.support.events.EventFiringWebDriver$2.invoke(EventFiringWebDriver.java:100)


	at $Proxy1.findElement(Unknown Source)


	at org.openqa.selenium.support.events.EventFiringWebDriver.findElement(EventFiringWebDriver.java:179)


	at org.openqa.selenium.remote.server.handler.FindElement.call(FindElement.java:48)


	at org.openqa.selenium.remote.server.handler.FindElement.call(FindElement.java:1)


	at java.util.concurrent.FutureTask$Sync.innerRun(Unknown Source)


	at java.util.concurrent.FutureTask.run(Unknown Source)


	at java.util.concurrent.ThreadPoolExecutor$Worker.runTask(Unknown Source)


	at java.util.concurrent.ThreadPoolExecutor$Worker.run(Unknown Source)


	at java.lang.Thread.run(Unknown Source)


org.openqa.selenium.ElementNotVisibleException: Element must be displayed to click (WARNING: The server did not provide any stacktrace information)
Command duration or timeout: 53 milliseconds
Build info: version: '2.18.0', revision: '15704', time: '2012-07-21 01:03:50'
System info: os.name: 'Windows 7', os.arch: 'x86', os.version: '6.1', java.version: '1.6.0_31'
Driver info: driver.version: RemoteWebDriver
Command duration or timeout: 1.42 seconds
Build info: version: '2.26.0', revision: '18040', time: '2012-11-02 09:44:45'
System info: os.name: 'Windows 8', os.arch: 'x86', os.version: '6.2', java.version: '1.7.0_09'
Driver info: driver.version: RemoteWebDriver
Session ID: 61d962770c44407688c16a95431336d6


	at sun.reflect.NativeConstructorAccessorImpl.newInstance0(Native Method)


	at sun.reflect.NativeConstructorAccessorImpl.newInstance(NativeConstructorAccessorImpl.java:57)


	at sun.reflect.DelegatingConstructorAccessorImpl.newInstance(DelegatingConstructorAccessorImpl.java:45)


	at java.lang.reflect.Constructor.newInstance(Constructor.java:525)


	at org.openqa.selenium.remote.ErrorHandler.createThrowable(ErrorHandler.java:188)


	at org.openqa.selenium.remote.ErrorHandler.throwIfResponseFailed(ErrorHandler.java:145)


	at org.openqa.selenium.remote.RemoteWebDriver.execute(RemoteWebDriver.java:531)


	at org.openqa.selenium.remote.RemoteWebElement.execute(RemoteWebElement.java:246)


	at org.openqa.selenium.remote.RemoteWebElement.click(RemoteWebElement.java:79)


	at com.zalerio.config.GameUtil.closeGameEndPopUp(GameUtil.java:41)


	at com.zalerio.config.UserLogin.Olduserlogin(UserLogin.java:31)


	at com.zalerio.test.ZalerioBaseTest.setUp(ZalerioBaseTest.java:153)


	at sun.reflect.NativeMethodAccessorImpl.invoke0(Native Method)


	at sun.reflect.NativeMethodAccessorImpl.invoke(NativeMethodAccessorImpl.java:57)


	at sun.reflect.DelegatingMethodAccessorImpl.invoke(DelegatingMethodAccessorImpl.java:43)


	at java.lang.reflect.Method.invoke(Method.java:601)


	at org.junit.runners.model.FrameworkMethod$1.runReflectiveCall(FrameworkMethod.java:45)


	at org.junit.internal.runners.model.ReflectiveCallable.run(ReflectiveCallable.java:15)


	at org.junit.runners.model.FrameworkMethod.invokeExplosively(FrameworkMethod.java:42)


	at org.junit.internal.runners.statements.RunBefores.evaluate(RunBefores.java:27)


	at org.junit.internal.runners.statements.RunAfters.evaluate(RunAfters.java:30)


	at org.junit.rules.TestWatcher$1.evaluate(TestWatcher.java:47)


	at org.junit.rules.TestWatcher$1.evaluate(TestWatcher.java:47)


	at org.junit.rules.RunRules.evaluate(RunRules.java:18)


	at org.junit.runners.ParentRunner.runLeaf(ParentRunner.java:263)


	at org.junit.runners.BlockJUnit4ClassRunner.runChild(BlockJUnit4ClassRunner.java:68)


	at org.junit.runners.BlockJUnit4ClassRunner.runChild(BlockJUnit4ClassRunner.java:47)


	at org.junit.runners.ParentRunner$3.run(ParentRunner.java:231)


	at org.junit.runners.ParentRunner$1.schedule(ParentRunner.java:60)


	at org.junit.runners.ParentRunner.runChildren(ParentRunner.java:229)


	at org.junit.runners.ParentRunner.access$000(ParentRunner.java:50)


	at org.junit.runners.ParentRunner$2.evaluate(ParentRunner.java:222)


	at org.junit.runners.ParentRunner.run(ParentRunner.java:300)


	at org.apache.maven.surefire.junit4.JUnit4TestSet.execute(JUnit4TestSet.java:53)


	at org.apache.maven.surefire.junit4.JUnit4Provider.executeTestSet(JUnit4Provider.java:123)


	at org.apache.maven.surefire.junit4.JUnit4Provider.invoke(JUnit4Provider.java:104)


	at sun.reflect.NativeMethodAccessorImpl.invoke0(Native Method)


	at sun.reflect.NativeMethodAccessorImpl.invoke(NativeMethodAccessorImpl.java:57)


	at sun.reflect.DelegatingMethodAccessorImpl.invoke(DelegatingMethodAccessorImpl.java:43)


	at java.lang.reflect.Method.invoke(Method.java:601)


	at org.apache.maven.surefire.util.ReflectionUtils.invokeMethodWithArray(ReflectionUtils.java:164)


	at org.apache.maven.surefire.booter.ProviderFactory$ProviderProxy.invoke(ProviderFactory.java:110)


	at org.apache.maven.surefire.booter.SurefireStarter.invokeProvider(SurefireStarter.java:175)


	at org.apache.maven.surefire.booter.SurefireStarter.runSuitesInProcessWhenForked(SurefireStarter.java:107)


	at org.apache.maven.surefire.booter.ForkedBooter.main(ForkedBooter.java:68)


Caused by: org.openqa.selenium.ElementNotVisibleException: Element must be displayed to click (WARNING: The server did not provide any stacktrace information)
Command duration or timeout: 53 milliseconds
Build info: version: '2.18.0', revision: '15704', time: '2012-07-21 01:03:50'
System info: os.name: 'Windows 7', os.arch: 'x86', os.version: '6.1', java.version: '1.6.0_31'
Driver info: driver.version: RemoteWebDriver
Build info: version: '2.26.0', revision: '18040', time: '2012-11-02 09:44:45'
System info: os.name: 'Windows 8', os.arch: 'x86', os.version: '6.2', java.version: '1.7.0_09'
Driver info: driver.version: RemoteWebDriver


	at sun.reflect.NativeConstructorAccessorImpl.newInstance0(Native Method)


	at sun.reflect.NativeConstructorAccessorImpl.newInstance(Unknown Source)


	at sun.reflect.DelegatingConstructorAccessorImpl.newInstance(Unknown Source)


	at java.lang.reflect.Constructor.newInstance(Unknown Source)


	at org.openqa.selenium.remote.ErrorHandler.createThrowable(ErrorHandler.java:147)


	at org.openqa.selenium.remote.ErrorHandler.throwIfResponseFailed(ErrorHandler.java:113)


	at org.openqa.selenium.remote.RemoteWebDriver.execute(RemoteWebDriver.java:439)


	at org.openqa.selenium.remote.RemoteWebElement.execute(RemoteWebElement.java:231)


	at org.openqa.selenium.remote.RemoteWebElement.click(RemoteWebElement.java:72)


	at sun.reflect.NativeMethodAccessorImpl.invoke0(Native Method)


	at sun.reflect.NativeMethodAccessorImpl.invoke(Unknown Source)


	at sun.reflect.DelegatingMethodAccessorImpl.invoke(Unknown Source)


	at java.lang.reflect.Method.invoke(Unknown Source)


	at org.openqa.selenium.support.events.EventFiringWebDriver$EventFiringWebElement$1.invoke(EventFiringWebDriver.java:326)


	at $Proxy2.click(Unknown Source)


	at org.openqa.selenium.support.events.EventFiringWebDriver$EventFiringWebElement.click(EventFiringWebDriver.java:339)


	at sun.reflect.NativeMethodAccessorImpl.invoke0(Native Method)


	at sun.reflect.NativeMethodAccessorImpl.invoke(Unknown Source)


	at sun.reflect.DelegatingMethodAccessorImpl.invoke(Unknown Source)


	at java.lang.reflect.Method.invoke(Unknown Source)


	at org.openqa.selenium.remote.server.KnownElements$1.invoke(KnownElements.java:62)


	at $Proxy3.click(Unknown Source)


	at org.openqa.selenium.remote.server.handler.ClickElement.call(ClickElement.java:30)


	at org.openqa.selenium.remote.server.handler.ClickElement.call(ClickElement.java:1)


	at java.util.concurrent.FutureTask$Sync.innerRun(Unknown Source)


	at java.util.concurrent.FutureTask.run(Unknown Source)


	at java.util.concurrent.ThreadPoolExecutor$Worker.runTask(Unknown Source)


	at java.util.concurrent.ThreadPoolExecutor$Worker.run(Unknown Source)


	at java.lang.Thread.run(Unknown Source)


org.openqa.selenium.NoSuchElementException: The element could not be found (WARNING: The server did not provide any stacktrace information)
Command duration or timeout: 49 milliseconds
For documentation on this error, please visit: http://seleniumhq.org/exceptions/no_such_element.html
Build info: version: '2.18.0', revision: '15704', time: '2012-07-21 01:03:50'
System info: os.name: 'Windows 7', os.arch: 'x86', os.version: '6.1', java.version: '1.6.0_31'
Driver info: driver.version: EventFiringWebDriver
Command duration or timeout: 1.71 seconds
For documentation on this error, please visit: http://seleniumhq.org/exceptions/no_such_element.html
Build info: version: '2.26.0', revision: '18040', time: '2012-11-02 09:44:45'
System info: os.name: 'Windows 8', os.arch: 'x86', os.version: '6.2', java.version: '1.7.0_09'
Driver info: driver.version: RemoteWebDriver
Session ID: 6625624ed1684a879659add79e0a4614


	at sun.reflect.NativeConstructorAccessorImpl.newInstance0(Native Method)


	at sun.reflect.NativeConstructorAccessorImpl.newInstance(NativeConstructorAccessorImpl.java:57)


	at sun.reflect.DelegatingConstructorAccessorImpl.newInstance(DelegatingConstructorAccessorImpl.java:45)


	at java.lang.reflect.Constructor.newInstance(Constructor.java:525)


	at org.openqa.selenium.remote.ErrorHandler.createThrowable(ErrorHandler.java:188)


	at org.openqa.selenium.remote.ErrorHandler.throwIfResponseFailed(ErrorHandler.java:145)


	at org.openqa.selenium.remote.RemoteWebDriver.execute(RemoteWebDriver.java:531)


	at org.openqa.selenium.remote.RemoteWebDriver.findElement(RemoteWebDriver.java:301)


	at org.openqa.selenium.remote.RemoteWebDriver.findElementByClassName(RemoteWebDriver.java:370)


	at org.openqa.selenium.By$ByClassName.findElement(By.java:370)


	at org.openqa.selenium.remote.RemoteWebDriver.findElement(RemoteWebDriver.java:293)


	at com.zalerio.config.GameUtil.clickPlayHereForMultiTabIssue(GameUtil.java:14)


	at com.zalerio.config.UserLogin.Olduserlogin(UserLogin.java:26)


	at com.zalerio.test.ZalerioBaseTest.setUp(ZalerioBaseTest.java:154)


	at sun.reflect.NativeMethodAccessorImpl.invoke0(Native Method)


	at sun.reflect.NativeMethodAccessorImpl.invoke(NativeMethodAccessorImpl.java:57)


	at sun.reflect.DelegatingMethodAccessorImpl.invoke(DelegatingMethodAccessorImpl.java:43)


	at java.lang.reflect.Method.invoke(Method.java:601)


	at org.junit.runners.model.FrameworkMethod$1.runReflectiveCall(FrameworkMethod.java:45)


	at org.junit.internal.runners.model.ReflectiveCallable.run(ReflectiveCallable.java:15)


	at org.junit.runners.model.FrameworkMethod.invokeExplosively(FrameworkMethod.java:42)


	at org.junit.internal.runners.statements.RunBefores.evaluate(RunBefores.java:27)


	at org.junit.internal.runners.statements.RunAfters.evaluate(RunAfters.java:30)


	at org.junit.rules.TestWatcher$1.evaluate(TestWatcher.java:47)


	at org.junit.rules.TestWatcher$1.evaluate(TestWatcher.java:47)


	at org.junit.rules.RunRules.evaluate(RunRules.java:18)


	at org.junit.runners.ParentRunner.runLeaf(ParentRunner.java:263)


	at org.junit.runners.BlockJUnit4ClassRunner.runChild(BlockJUnit4ClassRunner.java:68)


	at org.junit.runners.BlockJUnit4ClassRunner.runChild(BlockJUnit4ClassRunner.java:47)


	at org.junit.runners.ParentRunner$3.run(ParentRunner.java:231)


	at org.junit.runners.ParentRunner$1.schedule(ParentRunner.java:60)


	at org.junit.runners.ParentRunner.runChildren(ParentRunner.java:229)


	at org.junit.runners.ParentRunner.access$000(ParentRunner.java:50)


	at org.junit.runners.ParentRunner$2.evaluate(ParentRunner.java:222)


	at org.junit.runners.ParentRunner.run(ParentRunner.java:300)


	at org.apache.maven.surefire.junit4.JUnit4TestSet.execute(JUnit4TestSet.java:53)


	at org.apache.maven.surefire.junit4.JUnit4Provider.executeTestSet(JUnit4Provider.java:123)


	at org.apache.maven.surefire.junit4.JUnit4Provider.invoke(JUnit4Provider.java:104)


	at sun.reflect.NativeMethodAccessorImpl.invoke0(Native Method)


	at sun.reflect.NativeMethodAccessorImpl.invoke(NativeMethodAccessorImpl.java:57)


	at sun.reflect.DelegatingMethodAccessorImpl.invoke(DelegatingMethodAccessorImpl.java:43)


	at java.lang.reflect.Method.invoke(Method.java:601)


	at org.apache.maven.surefire.util.ReflectionUtils.invokeMethodWithArray(ReflectionUtils.java:164)


	at org.apache.maven.surefire.booter.ProviderFactory$ProviderProxy.invoke(ProviderFactory.java:110)


	at org.apache.maven.surefire.booter.SurefireStarter.invokeProvider(SurefireStarter.java:175)


	at org.apache.maven.surefire.booter.SurefireStarter.runSuitesInProcessWhenForked(SurefireStarter.java:107)


	at org.apache.maven.surefire.booter.ForkedBooter.main(ForkedBooter.java:68)


Caused by: org.openqa.selenium.NoSuchElementException: The element could not be found (WARNING: The server did not provide any stacktrace information)
Command duration or timeout: 49 milliseconds
For documentation on this error, please visit: http://seleniumhq.org/exceptions/no_such_element.html
Build info: version: '2.18.0', revision: '15704', time: '2012-07-21 01:03:50'
System info: os.name: 'Windows 7', os.arch: 'x86', os.version: '6.1', java.version: '1.6.0_31'
Driver info: driver.version: EventFiringWebDriver
For documentation on this error, please visit: http://seleniumhq.org/exceptions/no_such_element.html
Build info: version: '2.26.0', revision: '18040', time: '2012-11-02 09:44:45'
System info: os.name: 'Windows 8', os.arch: 'x86', os.version: '6.2', java.version: '1.7.0_09'
Driver info: driver.version: EventFiringWebDriver


	at sun.reflect.NativeConstructorAccessorImpl.newInstance0(Native Method)


	at sun.reflect.NativeConstructorAccessorImpl.newInstance(Unknown Source)


	at sun.reflect.DelegatingConstructorAccessorImpl.newInstance(Unknown Source)


	at java.lang.reflect.Constructor.newInstance(Unknown Source)


	at org.openqa.selenium.remote.ErrorHandler.createThrowable(ErrorHandler.java:147)


	at org.openqa.selenium.remote.ErrorHandler.throwIfResponseFailed(ErrorHandler.java:113)


	at org.openqa.selenium.remote.RemoteWebDriver.execute(RemoteWebDriver.java:439)


	at org.openqa.selenium.remote.RemoteWebDriver.findElement(RemoteWebDriver.java:226)


	at org.openqa.selenium.remote.RemoteWebDriver.findElementByClassName(RemoteWebDriver.java:283)


	at org.openqa.selenium.By$ByClassName.findElement(By.java:371)


	at org.openqa.selenium.remote.RemoteWebDriver.findElement(RemoteWebDriver.java:218)


	at sun.reflect.NativeMethodAccessorImpl.invoke0(Native Method)


	at sun.reflect.NativeMethodAccessorImpl.invoke(Unknown Source)


	at sun.reflect.DelegatingMethodAccessorImpl.invoke(Unknown Source)


	at java.lang.reflect.Method.invoke(Unknown Source)


	at org.openqa.selenium.support.events.EventFiringWebDriver$2.invoke(EventFiringWebDriver.java:100)


	at $Proxy1.findElement(Unknown Source)


	at org.openqa.selenium.support.events.EventFiringWebDriver.findElement(EventFiringWebDriver.java:179)


	at org.openqa.selenium.remote.server.handler.FindElement.call(FindElement.java:48)


	at org.openqa.selenium.remote.server.handler.FindElement.call(FindElement.java:1)


	at java.util.concurrent.FutureTask$Sync.innerRun(Unknown Source)


	at java.util.concurrent.FutureTask.run(Unknown Source)


	at java.util.concurrent.ThreadPoolExecutor$Worker.runTask(Unknown Source)


	at java.util.concurrent.ThreadPoolExecutor$Worker.run(Unknown Source)


	at java.lang.Thread.run(Unknown Source)


org.openqa.selenium.ElementNotVisibleException: Element must be displayed to click (WARNING: The server did not provide any stacktrace information)
Command duration or timeout: 58 milliseconds
Build info: version: '2.18.0', revision: '15704', time: '2012-07-21 01:03:50'
System info: os.name: 'Windows 7', os.arch: 'x86', os.version: '6.1', java.version: '1.6.0_31'
Driver info: driver.version: RemoteWebDriver
Command duration or timeout: 1.47 seconds
Build info: version: '2.26.0', revision: '18040', time: '2012-11-02 09:44:45'
System info: os.name: 'Windows 8', os.arch: 'x86', os.version: '6.2', java.version: '1.7.0_09'
Driver info: driver.version: RemoteWebDriver
Session ID: 6625624ed1684a879659add79e0a4614


	at sun.reflect.NativeConstructorAccessorImpl.newInstance0(Native Method)


	at sun.reflect.NativeConstructorAccessorImpl.newInstance(NativeConstructorAccessorImpl.java:57)


	at sun.reflect.DelegatingConstructorAccessorImpl.newInstance(DelegatingConstructorAccessorImpl.java:45)


	at java.lang.reflect.Constructor.newInstance(Constructor.java:525)


	at org.openqa.selenium.remote.ErrorHandler.createThrowable(ErrorHandler.java:188)


	at org.openqa.selenium.remote.ErrorHandler.throwIfResponseFailed(ErrorHandler.java:145)


	at org.openqa.selenium.remote.RemoteWebDriver.execute(RemoteWebDriver.java:531)


	at org.openqa.selenium.remote.RemoteWebElement.execute(RemoteWebElement.java:246)


	at org.openqa.selenium.remote.RemoteWebElement.click(RemoteWebElement.java:79)


	at com.zalerio.config.GameUtil.closeGameEndPopUp(GameUtil.java:41)


	at com.zalerio.config.UserLogin.Olduserlogin(UserLogin.java:31)


	at com.zalerio.test.ZalerioBaseTest.setUp(ZalerioBaseTest.java:154)


	at sun.reflect.NativeMethodAccessorImpl.invoke0(Native Method)


	at sun.reflect.NativeMethodAccessorImpl.invoke(NativeMethodAccessorImpl.java:57)


	at sun.reflect.DelegatingMethodAccessorImpl.invoke(DelegatingMethodAccessorImpl.java:43)


	at java.lang.reflect.Method.invoke(Method.java:601)


	at org.junit.runners.model.FrameworkMethod$1.runReflectiveCall(FrameworkMethod.java:45)


	at org.junit.internal.runners.model.ReflectiveCallable.run(ReflectiveCallable.java:15)


	at org.junit.runners.model.FrameworkMethod.invokeExplosively(FrameworkMethod.java:42)


	at org.junit.internal.runners.statements.RunBefores.evaluate(RunBefores.java:27)


	at org.junit.internal.runners.statements.RunAfters.evaluate(RunAfters.java:30)


	at org.junit.rules.TestWatcher$1.evaluate(TestWatcher.java:47)


	at org.junit.rules.TestWatcher$1.evaluate(TestWatcher.java:47)


	at org.junit.rules.RunRules.evaluate(RunRules.java:18)


	at org.junit.runners.ParentRunner.runLeaf(ParentRunner.java:263)


	at org.junit.runners.BlockJUnit4ClassRunner.runChild(BlockJUnit4ClassRunner.java:68)


	at org.junit.runners.BlockJUnit4ClassRunner.runChild(BlockJUnit4ClassRunner.java:47)


	at org.junit.runners.ParentRunner$3.run(ParentRunner.java:231)


	at org.junit.runners.ParentRunner$1.schedule(ParentRunner.java:60)


	at org.junit.runners.ParentRunner.runChildren(ParentRunner.java:229)


	at org.junit.runners.ParentRunner.access$000(ParentRunner.java:50)


	at org.junit.runners.ParentRunner$2.evaluate(ParentRunner.java:222)


	at org.junit.runners.ParentRunner.run(ParentRunner.java:300)


	at org.apache.maven.surefire.junit4.JUnit4TestSet.execute(JUnit4TestSet.java:53)


	at org.apache.maven.surefire.junit4.JUnit4Provider.executeTestSet(JUnit4Provider.java:123)


	at org.apache.maven.surefire.junit4.JUnit4Provider.invoke(JUnit4Provider.java:104)


	at sun.reflect.NativeMethodAccessorImpl.invoke0(Native Method)


	at sun.reflect.NativeMethodAccessorImpl.invoke(NativeMethodAccessorImpl.java:57)


	at sun.reflect.DelegatingMethodAccessorImpl.invoke(DelegatingMethodAccessorImpl.java:43)


	at java.lang.reflect.Method.invoke(Method.java:601)


	at org.apache.maven.surefire.util.ReflectionUtils.invokeMethodWithArray(ReflectionUtils.java:164)


	at org.apache.maven.surefire.booter.ProviderFactory$ProviderProxy.invoke(ProviderFactory.java:110)


	at org.apache.maven.surefire.booter.SurefireStarter.invokeProvider(SurefireStarter.java:175)


	at org.apache.maven.surefire.booter.SurefireStarter.runSuitesInProcessWhenForked(SurefireStarter.java:107)


	at org.apache.maven.surefire.booter.ForkedBooter.main(ForkedBooter.java:68)


Caused by: org.openqa.selenium.ElementNotVisibleException: Element must be displayed to click (WARNING: The server did not provide any stacktrace information)
Command duration or timeout: 58 milliseconds
Build info: version: '2.18.0', revision: '15704', time: '2012-07-21 01:03:50'
System info: os.name: 'Windows 7', os.arch: 'x86', os.version: '6.1', java.version: '1.6.0_31'
Driver info: driver.version: RemoteWebDriver
Build info: version: '2.26.0', revision: '18040', time: '2012-11-02 09:44:45'
System info: os.name: 'Windows 8', os.arch: 'x86', os.version: '6.2', java.version: '1.7.0_09'
Driver info: driver.version: RemoteWebDriver


	at sun.reflect.NativeConstructorAccessorImpl.newInstance0(Native Method)


	at sun.reflect.NativeConstructorAccessorImpl.newInstance(Unknown Source)


	at sun.reflect.DelegatingConstructorAccessorImpl.newInstance(Unknown Source)


	at java.lang.reflect.Constructor.newInstance(Unknown Source)


	at org.openqa.selenium.remote.ErrorHandler.createThrowable(ErrorHandler.java:147)


	at org.openqa.selenium.remote.ErrorHandler.throwIfResponseFailed(ErrorHandler.java:113)


	at org.openqa.selenium.remote.RemoteWebDriver.execute(RemoteWebDriver.java:439)


	at org.openqa.selenium.remote.RemoteWebElement.execute(RemoteWebElement.java:231)


	at org.openqa.selenium.remote.RemoteWebElement.click(RemoteWebElement.java:72)


	at sun.reflect.NativeMethodAccessorImpl.invoke0(Native Method)


	at sun.reflect.NativeMethodAccessorImpl.invoke(Unknown Source)


	at sun.reflect.DelegatingMethodAccessorImpl.invoke(Unknown Source)


	at java.lang.reflect.Method.invoke(Unknown Source)


	at org.openqa.selenium.support.events.EventFiringWebDriver$EventFiringWebElement$1.invoke(EventFiringWebDriver.java:326)


	at $Proxy2.click(Unknown Source)


	at org.openqa.selenium.support.events.EventFiringWebDriver$EventFiringWebElement.click(EventFiringWebDriver.java:339)


	at sun.reflect.NativeMethodAccessorImpl.invoke0(Native Method)


	at sun.reflect.NativeMethodAccessorImpl.invoke(Unknown Source)


	at sun.reflect.DelegatingMethodAccessorImpl.invoke(Unknown Source)


	at java.lang.reflect.Method.invoke(Unknown Source)


	at org.openqa.selenium.remote.server.KnownElements$1.invoke(KnownElements.java:62)


	at $Proxy3.click(Unknown Source)


	at org.openqa.selenium.remote.server.handler.ClickElement.call(ClickElement.java:30)


	at org.openqa.selenium.remote.server.handler.ClickElement.call(ClickElement.java:1)


	at java.util.concurrent.FutureTask$Sync.innerRun(Unknown Source)


	at java.util.concurrent.FutureTask.run(Unknown Source)


	at java.util.concurrent.ThreadPoolExecutor$Worker.runTask(Unknown Source)


	at java.util.concurrent.ThreadPoolExecutor$Worker.run(Unknown Source)


	at java.lang.Thread.run(Unknown Source)


Logged in
challenge sent

org.openqa.selenium.ElementNotVisibleException: Element must be displayed to click (WARNING: The server did not provide any stacktrace information)
Command duration or timeout: 48 milliseconds
Build info: version: '2.18.0', revision: '15704', time: '2012-07-21 01:03:50'
System info: os.name: 'Windows 7', os.arch: 'x86', os.version: '6.1', java.version: '1.6.0_31'
Driver info: driver.version: RemoteWebDriver
Command duration or timeout: 1.32 seconds
Build info: version: '2.26.0', revision: '18040', time: '2012-11-02 09:44:45'
System info: os.name: 'Windows 8', os.arch: 'x86', os.version: '6.2', java.version: '1.7.0_09'
Driver info: driver.version: RemoteWebDriver
Session ID: 6625624ed1684a879659add79e0a4614


	at sun.reflect.NativeConstructorAccessorImpl.newInstance0(Native Method)


	at sun.reflect.NativeConstructorAccessorImpl.newInstance(NativeConstructorAccessorImpl.java:57)


	at sun.reflect.DelegatingConstructorAccessorImpl.newInstance(DelegatingConstructorAccessorImpl.java:45)


	at java.lang.reflect.Constructor.newInstance(Constructor.java:525)


	at org.openqa.selenium.remote.ErrorHandler.createThrowable(ErrorHandler.java:188)


	at org.openqa.selenium.remote.ErrorHandler.throwIfResponseFailed(ErrorHandler.java:145)


	at org.openqa.selenium.remote.RemoteWebDriver.execute(RemoteWebDriver.java:531)


	at org.openqa.selenium.remote.RemoteWebElement.execute(RemoteWebElement.java:246)


	at org.openqa.selenium.remote.RemoteWebElement.click(RemoteWebElement.java:79)


	at com.zalerio.config.GameUtil.closeGameEndPopUp(GameUtil.java:41)


	at com.zalerio.test.Create2PlayerGameTest.createGame(Create2PlayerGameTest.java:45)


	at sun.reflect.NativeMethodAccessorImpl.invoke0(Native Method)


	at sun.reflect.NativeMethodAccessorImpl.invoke(NativeMethodAccessorImpl.java:57)


	at sun.reflect.DelegatingMethodAccessorImpl.invoke(DelegatingMethodAccessorImpl.java:43)


	at java.lang.reflect.Method.invoke(Method.java:601)


	at org.junit.runners.model.FrameworkMethod$1.runReflectiveCall(FrameworkMethod.java:45)


	at org.junit.internal.runners.model.ReflectiveCallable.run(ReflectiveCallable.java:15)


	at org.junit.runners.model.FrameworkMethod.invokeExplosively(FrameworkMethod.java:42)


	at org.junit.internal.runners.statements.InvokeMethod.evaluate(InvokeMethod.java:20)


	at org.junit.internal.runners.statements.RunBefores.evaluate(RunBefores.java:28)


	at org.junit.internal.runners.statements.RunAfters.evaluate(RunAfters.java:30)


	at org.junit.rules.TestWatcher$1.evaluate(TestWatcher.java:47)


	at org.junit.rules.TestWatcher$1.evaluate(TestWatcher.java:47)


	at org.junit.rules.RunRules.evaluate(RunRules.java:18)


	at org.junit.runners.ParentRunner.runLeaf(ParentRunner.java:263)


	at org.junit.runners.BlockJUnit4ClassRunner.runChild(BlockJUnit4ClassRunner.java:68)


	at org.junit.runners.BlockJUnit4ClassRunner.runChild(BlockJUnit4ClassRunner.java:47)


	at org.junit.runners.ParentRunner$3.run(ParentRunner.java:231)


	at org.junit.runners.ParentRunner$1.schedule(ParentRunner.java:60)


	at org.junit.runners.ParentRunner.runChildren(ParentRunner.java:229)


	at org.junit.runners.ParentRunner.access$000(ParentRunner.java:50)


	at org.junit.runners.ParentRunner$2.evaluate(ParentRunner.java:222)


	at org.junit.runners.ParentRunner.run(ParentRunner.java:300)


	at org.apache.maven.surefire.junit4.JUnit4TestSet.execute(JUnit4TestSet.java:53)


	at org.apache.maven.surefire.junit4.JUnit4Provider.executeTestSet(JUnit4Provider.java:123)


	at org.apache.maven.surefire.junit4.JUnit4Provider.invoke(JUnit4Provider.java:104)


	at sun.reflect.NativeMethodAccessorImpl.invoke0(Native Method)


	at sun.reflect.NativeMethodAccessorImpl.invoke(NativeMethodAccessorImpl.java:57)


	at sun.reflect.DelegatingMethodAccessorImpl.invoke(DelegatingMethodAccessorImpl.java:43)


	at java.lang.reflect.Method.invoke(Method.java:601)


	at org.apache.maven.surefire.util.ReflectionUtils.invokeMethodWithArray(ReflectionUtils.java:164)


	at org.apache.maven.surefire.booter.ProviderFactory$ProviderProxy.invoke(ProviderFactory.java:110)


	at org.apache.maven.surefire.booter.SurefireStarter.invokeProvider(SurefireStarter.java:175)


	at org.apache.maven.surefire.booter.SurefireStarter.runSuitesInProcessWhenForked(SurefireStarter.java:107)


	at org.apache.maven.surefire.booter.ForkedBooter.main(ForkedBooter.java:68)


Caused by: org.openqa.selenium.ElementNotVisibleException: Element must be displayed to click (WARNING: The server did not provide any stacktrace information)
Command duration or timeout: 48 milliseconds
Build info: version: '2.18.0', revision: '15704', time: '2012-07-21 01:03:50'
System info: os.name: 'Windows 7', os.arch: 'x86', os.version: '6.1', java.version: '1.6.0_31'
Driver info: driver.version: RemoteWebDriver
Build info: version: '2.26.0', revision: '18040', time: '2012-11-02 09:44:45'
System info: os.name: 'Windows 8', os.arch: 'x86', os.version: '6.2', java.version: '1.7.0_09'
Driver info: driver.version: RemoteWebDriver


	at sun.reflect.NativeConstructorAccessorImpl.newInstance0(Native Method)


	at sun.reflect.NativeConstructorAccessorImpl.newInstance(Unknown Source)


	at sun.reflect.DelegatingConstructorAccessorImpl.newInstance(Unknown Source)


	at java.lang.reflect.Constructor.newInstance(Unknown Source)


	at org.openqa.selenium.remote.ErrorHandler.createThrowable(ErrorHandler.java:147)


	at org.openqa.selenium.remote.ErrorHandler.throwIfResponseFailed(ErrorHandler.java:113)


	at org.openqa.selenium.remote.RemoteWebDriver.execute(RemoteWebDriver.java:439)


	at org.openqa.selenium.remote.RemoteWebElement.execute(RemoteWebElement.java:231)


	at org.openqa.selenium.remote.RemoteWebElement.click(RemoteWebElement.java:72)


	at sun.reflect.NativeMethodAccessorImpl.invoke0(Native Method)


	at sun.reflect.NativeMethodAccessorImpl.invoke(Unknown Source)


	at sun.reflect.DelegatingMethodAccessorImpl.invoke(Unknown Source)


	at java.lang.reflect.Method.invoke(Unknown Source)


	at org.openqa.selenium.support.events.EventFiringWebDriver$EventFiringWebElement$1.invoke(EventFiringWebDriver.java:326)


	at $Proxy2.click(Unknown Source)


	at org.openqa.selenium.support.events.EventFiringWebDriver$EventFiringWebElement.click(EventFiringWebDriver.java:339)


	at sun.reflect.NativeMethodAccessorImpl.invoke0(Native Method)


	at sun.reflect.NativeMethodAccessorImpl.invoke(Unknown Source)


	at sun.reflect.DelegatingMethodAccessorImpl.invoke(Unknown Source)


	at java.lang.reflect.Method.invoke(Unknown Source)


	at org.openqa.selenium.remote.server.KnownElements$1.invoke(KnownElements.java:62)


	at $Proxy3.click(Unknown Source)


	at org.openqa.selenium.remote.server.handler.ClickElement.call(ClickElement.java:30)


	at org.openqa.selenium.remote.server.handler.ClickElement.call(ClickElement.java:1)


	at java.util.concurrent.FutureTask$Sync.innerRun(Unknown Source)


	at java.util.concurrent.FutureTask.run(Unknown Source)


	at java.util.concurrent.ThreadPoolExecutor$Worker.runTask(Unknown Source)


	at java.util.concurrent.ThreadPoolExecutor$Worker.run(Unknown Source)


	at java.lang.Thread.run(Unknown Source)


got your turn tiles
new size4

got New your turn tile with Id right_hud_59

org.openqa.selenium.ElementNotVisibleException: Element must be displayed to click (WARNING: The server did not provide any stacktrace information)
Command duration or timeout: 31 milliseconds
Build info: version: '2.18.0', revision: '15704', time: '2012-07-21 01:03:50'
System info: os.name: 'Windows 7', os.arch: 'x86', os.version: '6.1', java.version: '1.6.0_31'
Driver info: driver.version: RemoteWebDriver
Command duration or timeout: 1.35 seconds
Build info: version: '2.26.0', revision: '18040', time: '2012-11-02 09:44:45'
System info: os.name: 'Windows 8', os.arch: 'x86', os.version: '6.2', java.version: '1.7.0_09'
Driver info: driver.version: RemoteWebDriver
Session ID: 6625624ed1684a879659add79e0a4614


	at sun.reflect.NativeConstructorAccessorImpl.newInstance0(Native Method)


	at sun.reflect.NativeConstructorAccessorImpl.newInstance(NativeConstructorAccessorImpl.java:57)


	at sun.reflect.DelegatingConstructorAccessorImpl.newInstance(DelegatingConstructorAccessorImpl.java:45)


	at java.lang.reflect.Constructor.newInstance(Constructor.java:525)


	at org.openqa.selenium.remote.ErrorHandler.createThrowable(ErrorHandler.java:188)


	at org.openqa.selenium.remote.ErrorHandler.throwIfResponseFailed(ErrorHandler.java:145)


	at org.openqa.selenium.remote.RemoteWebDriver.execute(RemoteWebDriver.java:531)


	at org.openqa.selenium.remote.RemoteWebElement.execute(RemoteWebElement.java:246)


	at org.openqa.selenium.remote.RemoteWebElement.click(RemoteWebElement.java:79)


	at com.zalerio.config.GameUtil.closeGameEndPopUp(GameUtil.java:41)


	at com.zalerio.test.Create2PlayerGameTest.createGame(Create2PlayerGameTest.java:54)


	at sun.reflect.NativeMethodAccessorImpl.invoke0(Native Method)


	at sun.reflect.NativeMethodAccessorImpl.invoke(NativeMethodAccessorImpl.java:57)


	at sun.reflect.DelegatingMethodAccessorImpl.invoke(DelegatingMethodAccessorImpl.java:43)


	at java.lang.reflect.Method.invoke(Method.java:601)


	at org.junit.runners.model.FrameworkMethod$1.runReflectiveCall(FrameworkMethod.java:45)


	at org.junit.internal.runners.model.ReflectiveCallable.run(ReflectiveCallable.java:15)


	at org.junit.runners.model.FrameworkMethod.invokeExplosively(FrameworkMethod.java:42)


	at org.junit.internal.runners.statements.InvokeMethod.evaluate(InvokeMethod.java:20)


	at org.junit.internal.runners.statements.RunBefores.evaluate(RunBefores.java:28)


	at org.junit.internal.runners.statements.RunAfters.evaluate(RunAfters.java:30)


	at org.junit.rules.TestWatcher$1.evaluate(TestWatcher.java:47)


	at org.junit.rules.TestWatcher$1.evaluate(TestWatcher.java:47)


	at org.junit.rules.RunRules.evaluate(RunRules.java:18)


	at org.junit.runners.ParentRunner.runLeaf(ParentRunner.java:263)


	at org.junit.runners.BlockJUnit4ClassRunner.runChild(BlockJUnit4ClassRunner.java:68)


	at org.junit.runners.BlockJUnit4ClassRunner.runChild(BlockJUnit4ClassRunner.java:47)


	at org.junit.runners.ParentRunner$3.run(ParentRunner.java:231)


	at org.junit.runners.ParentRunner$1.schedule(ParentRunner.java:60)


	at org.junit.runners.ParentRunner.runChildren(ParentRunner.java:229)


	at org.junit.runners.ParentRunner.access$000(ParentRunner.java:50)


	at org.junit.runners.ParentRunner$2.evaluate(ParentRunner.java:222)


	at org.junit.runners.ParentRunner.run(ParentRunner.java:300)


	at org.apache.maven.surefire.junit4.JUnit4TestSet.execute(JUnit4TestSet.java:53)


	at org.apache.maven.surefire.junit4.JUnit4Provider.executeTestSet(JUnit4Provider.java:123)


	at org.apache.maven.surefire.junit4.JUnit4Provider.invoke(JUnit4Provider.java:104)


	at sun.reflect.NativeMethodAccessorImpl.invoke0(Native Method)


	at sun.reflect.NativeMethodAccessorImpl.invoke(NativeMethodAccessorImpl.java:57)


	at sun.reflect.DelegatingMethodAccessorImpl.invoke(DelegatingMethodAccessorImpl.java:43)


	at java.lang.reflect.Method.invoke(Method.java:601)


	at org.apache.maven.surefire.util.ReflectionUtils.invokeMethodWithArray(ReflectionUtils.java:164)


	at org.apache.maven.surefire.booter.ProviderFactory$ProviderProxy.invoke(ProviderFactory.java:110)


	at org.apache.maven.surefire.booter.SurefireStarter.invokeProvider(SurefireStarter.java:175)


	at org.apache.maven.surefire.booter.SurefireStarter.runSuitesInProcessWhenForked(SurefireStarter.java:107)


	at org.apache.maven.surefire.booter.ForkedBooter.main(ForkedBooter.java:68)


Caused by: org.openqa.selenium.ElementNotVisibleException: Element must be displayed to click (WARNING: The server did not provide any stacktrace information)
Command duration or timeout: 31 milliseconds
Build info: version: '2.18.0', revision: '15704', time: '2012-07-21 01:03:50'
System info: os.name: 'Windows 7', os.arch: 'x86', os.version: '6.1', java.version: '1.6.0_31'
Driver info: driver.version: RemoteWebDriver
Build info: version: '2.26.0', revision: '18040', time: '2012-11-02 09:44:45'
System info: os.name: 'Windows 8', os.arch: 'x86', os.version: '6.2', java.version: '1.7.0_09'
Driver info: driver.version: RemoteWebDriver


	at sun.reflect.NativeConstructorAccessorImpl.newInstance0(Native Method)


	at sun.reflect.NativeConstructorAccessorImpl.newInstance(Unknown Source)


	at sun.reflect.DelegatingConstructorAccessorImpl.newInstance(Unknown Source)


	at java.lang.reflect.Constructor.newInstance(Unknown Source)


	at org.openqa.selenium.remote.ErrorHandler.createThrowable(ErrorHandler.java:147)


	at org.openqa.selenium.remote.ErrorHandler.throwIfResponseFailed(ErrorHandler.java:113)


	at org.openqa.selenium.remote.RemoteWebDriver.execute(RemoteWebDriver.java:439)


	at org.openqa.selenium.remote.RemoteWebElement.execute(RemoteWebElement.java:231)


	at org.openqa.selenium.remote.RemoteWebElement.click(RemoteWebElement.java:72)


	at sun.reflect.NativeMethodAccessorImpl.invoke0(Native Method)


	at sun.reflect.NativeMethodAccessorImpl.invoke(Unknown Source)


	at sun.reflect.DelegatingMethodAccessorImpl.invoke(Unknown Source)


	at java.lang.reflect.Method.invoke(Unknown Source)


	at org.openqa.selenium.support.events.EventFiringWebDriver$EventFiringWebElement$1.invoke(EventFiringWebDriver.java:326)


	at $Proxy2.click(Unknown Source)


	at org.openqa.selenium.support.events.EventFiringWebDriver$EventFiringWebElement.click(EventFiringWebDriver.java:339)


	at sun.reflect.NativeMethodAccessorImpl.invoke0(Native Method)


	at sun.reflect.NativeMethodAccessorImpl.invoke(Unknown Source)


	at sun.reflect.DelegatingMethodAccessorImpl.invoke(Unknown Source)


	at java.lang.reflect.Method.invoke(Unknown Source)


	at org.openqa.selenium.remote.server.KnownElements$1.invoke(KnownElements.java:62)


	at $Proxy3.click(Unknown Source)


	at org.openqa.selenium.remote.server.handler.ClickElement.call(ClickElement.java:30)


	at org.openqa.selenium.remote.server.handler.ClickElement.call(ClickElement.java:1)


	at java.util.concurrent.FutureTask$Sync.innerRun(Unknown Source)


	at java.util.concurrent.FutureTask.run(Unknown Source)


	at java.util.concurrent.ThreadPoolExecutor$Worker.runTask(Unknown Source)


	at java.util.concurrent.ThreadPoolExecutor$Worker.run(Unknown Source)


	at java.lang.Thread.run(Unknown Source)


org.openqa.selenium.ElementNotVisibleException: Element must be displayed to click (WARNING: The server did not provide any stacktrace information)
Command duration or timeout: 28 milliseconds
Build info: version: '2.18.0', revision: '15704', time: '2012-07-21 01:03:50'
System info: os.name: 'Windows 7', os.arch: 'x86', os.version: '6.1', java.version: '1.6.0_31'
Driver info: driver.version: RemoteWebDriver
Command duration or timeout: 1.47 seconds
Build info: version: '2.26.0', revision: '18040', time: '2012-11-02 09:44:45'
System info: os.name: 'Windows 8', os.arch: 'x86', os.version: '6.2', java.version: '1.7.0_09'
Driver info: driver.version: RemoteWebDriver
Session ID: 6625624ed1684a879659add79e0a4614


	at sun.reflect.NativeConstructorAccessorImpl.newInstance0(Native Method)


	at sun.reflect.NativeConstructorAccessorImpl.newInstance(NativeConstructorAccessorImpl.java:57)


	at sun.reflect.DelegatingConstructorAccessorImpl.newInstance(DelegatingConstructorAccessorImpl.java:45)


	at java.lang.reflect.Constructor.newInstance(Constructor.java:525)


	at org.openqa.selenium.remote.ErrorHandler.createThrowable(ErrorHandler.java:188)


	at org.openqa.selenium.remote.ErrorHandler.throwIfResponseFailed(ErrorHandler.java:145)


	at org.openqa.selenium.remote.RemoteWebDriver.execute(RemoteWebDriver.java:531)


	at org.openqa.selenium.remote.RemoteWebElement.execute(RemoteWebElement.java:246)


	at org.openqa.selenium.remote.RemoteWebElement.click(RemoteWebElement.java:79)


	at com.zalerio.config.GameUtil.closeGameEndPopUp(GameUtil.java:41)


	at com.zalerio.test.Create2PlayerGameTest.createGame(Create2PlayerGameTest.java:95)


	at sun.reflect.NativeMethodAccessorImpl.invoke0(Native Method)


	at sun.reflect.NativeMethodAccessorImpl.invoke(NativeMethodAccessorImpl.java:57)


	at sun.reflect.DelegatingMethodAccessorImpl.invoke(DelegatingMethodAccessorImpl.java:43)


	at java.lang.reflect.Method.invoke(Method.java:601)


	at org.junit.runners.model.FrameworkMethod$1.runReflectiveCall(FrameworkMethod.java:45)


	at org.junit.internal.runners.model.ReflectiveCallable.run(ReflectiveCallable.java:15)


	at org.junit.runners.model.FrameworkMethod.invokeExplosively(FrameworkMethod.java:42)


	at org.junit.internal.runners.statements.InvokeMethod.evaluate(InvokeMethod.java:20)


	at org.junit.internal.runners.statements.RunBefores.evaluate(RunBefores.java:28)


	at org.junit.internal.runners.statements.RunAfters.evaluate(RunAfters.java:30)


	at org.junit.rules.TestWatcher$1.evaluate(TestWatcher.java:47)


	at org.junit.rules.TestWatcher$1.evaluate(TestWatcher.java:47)


	at org.junit.rules.RunRules.evaluate(RunRules.java:18)


	at org.junit.runners.ParentRunner.runLeaf(ParentRunner.java:263)


	at org.junit.runners.BlockJUnit4ClassRunner.runChild(BlockJUnit4ClassRunner.java:68)


	at org.junit.runners.BlockJUnit4ClassRunner.runChild(BlockJUnit4ClassRunner.java:47)


	at org.junit.runners.ParentRunner$3.run(ParentRunner.java:231)


	at org.junit.runners.ParentRunner$1.schedule(ParentRunner.java:60)


	at org.junit.runners.ParentRunner.runChildren(ParentRunner.java:229)


	at org.junit.runners.ParentRunner.access$000(ParentRunner.java:50)


	at org.junit.runners.ParentRunner$2.evaluate(ParentRunner.java:222)


	at org.junit.runners.ParentRunner.run(ParentRunner.java:300)


	at org.apache.maven.surefire.junit4.JUnit4TestSet.execute(JUnit4TestSet.java:53)


	at org.apache.maven.surefire.junit4.JUnit4Provider.executeTestSet(JUnit4Provider.java:123)


	at org.apache.maven.surefire.junit4.JUnit4Provider.invoke(JUnit4Provider.java:104)


	at sun.reflect.NativeMethodAccessorImpl.invoke0(Native Method)


	at sun.reflect.NativeMethodAccessorImpl.invoke(NativeMethodAccessorImpl.java:57)


	at sun.reflect.DelegatingMethodAccessorImpl.invoke(DelegatingMethodAccessorImpl.java:43)


	at java.lang.reflect.Method.invoke(Method.java:601)


	at org.apache.maven.surefire.util.ReflectionUtils.invokeMethodWithArray(ReflectionUtils.java:164)


	at org.apache.maven.surefire.booter.ProviderFactory$ProviderProxy.invoke(ProviderFactory.java:110)


	at org.apache.maven.surefire.booter.SurefireStarter.invokeProvider(SurefireStarter.java:175)


	at org.apache.maven.surefire.booter.SurefireStarter.runSuitesInProcessWhenForked(SurefireStarter.java:107)


	at org.apache.maven.surefire.booter.ForkedBooter.main(ForkedBooter.java:68)


Caused by: org.openqa.selenium.ElementNotVisibleException: Element must be displayed to click (WARNING: The server did not provide any stacktrace information)
Command duration or timeout: 28 milliseconds
Build info: version: '2.18.0', revision: '15704', time: '2012-07-21 01:03:50'
System info: os.name: 'Windows 7', os.arch: 'x86', os.version: '6.1', java.version: '1.6.0_31'
Driver info: driver.version: RemoteWebDriver
Build info: version: '2.26.0', revision: '18040', time: '2012-11-02 09:44:45'
System info: os.name: 'Windows 8', os.arch: 'x86', os.version: '6.2', java.version: '1.7.0_09'
Driver info: driver.version: RemoteWebDriver


	at sun.reflect.NativeConstructorAccessorImpl.newInstance0(Native Method)


	at sun.reflect.NativeConstructorAccessorImpl.newInstance(Unknown Source)


	at sun.reflect.DelegatingConstructorAccessorImpl.newInstance(Unknown Source)


	at java.lang.reflect.Constructor.newInstance(Unknown Source)


	at org.openqa.selenium.remote.ErrorHandler.createThrowable(ErrorHandler.java:147)


	at org.openqa.selenium.remote.ErrorHandler.throwIfResponseFailed(ErrorHandler.java:113)


	at org.openqa.selenium.remote.RemoteWebDriver.execute(RemoteWebDriver.java:439)


	at org.openqa.selenium.remote.RemoteWebElement.execute(RemoteWebElement.java:231)


	at org.openqa.selenium.remote.RemoteWebElement.click(RemoteWebElement.java:72)


	at sun.reflect.NativeMethodAccessorImpl.invoke0(Native Method)


	at sun.reflect.NativeMethodAccessorImpl.invoke(Unknown Source)


	at sun.reflect.DelegatingMethodAccessorImpl.invoke(Unknown Source)


	at java.lang.reflect.Method.invoke(Unknown Source)


	at org.openqa.selenium.support.events.EventFiringWebDriver$EventFiringWebElement$1.invoke(EventFiringWebDriver.java:326)


	at $Proxy2.click(Unknown Source)


	at org.openqa.selenium.support.events.EventFiringWebDriver$EventFiringWebElement.click(EventFiringWebDriver.java:339)


	at sun.reflect.NativeMethodAccessorImpl.invoke0(Native Method)


	at sun.reflect.NativeMethodAccessorImpl.invoke(Unknown Source)


	at sun.reflect.DelegatingMethodAccessorImpl.invoke(Unknown Source)


	at java.lang.reflect.Method.invoke(Unknown Source)


	at org.openqa.selenium.remote.server.KnownElements$1.invoke(KnownElements.java:62)


	at $Proxy3.click(Unknown Source)


	at org.openqa.selenium.remote.server.handler.ClickElement.call(ClickElement.java:30)


	at org.openqa.selenium.remote.server.handler.ClickElement.call(ClickElement.java:1)


	at java.util.concurrent.FutureTask$Sync.innerRun(Unknown Source)


	at java.util.concurrent.FutureTask.run(Unknown Source)


	at java.util.concurrent.ThreadPoolExecutor$Worker.runTask(Unknown Source)


	at java.util.concurrent.ThreadPoolExecutor$Worker.run(Unknown Source)


	at java.lang.Thread.run(Unknown Source)


User 2 has Logged in
org.openqa.selenium.ElementNotVisibleException: Element must be displayed to click (WARNING: The server did not provide any stacktrace information)
Command duration or timeout: 37 milliseconds
Build info: version: '2.18.0', revision: '15704', time: '2012-07-21 01:03:50'
System info: os.name: 'Windows 7', os.arch: 'x86', os.version: '6.1', java.version: '1.6.0_31'
Driver info: driver.version: RemoteWebDriver
Command duration or timeout: 1.33 seconds
Build info: version: '2.26.0', revision: '18040', time: '2012-11-02 09:44:45'
System info: os.name: 'Windows 8', os.arch: 'x86', os.version: '6.2', java.version: '1.7.0_09'
Driver info: driver.version: RemoteWebDriver
Session ID: 6625624ed1684a879659add79e0a4614


	at sun.reflect.NativeConstructorAccessorImpl.newInstance0(Native Method)


	at sun.reflect.NativeConstructorAccessorImpl.newInstance(NativeConstructorAccessorImpl.java:57)


	at sun.reflect.DelegatingConstructorAccessorImpl.newInstance(DelegatingConstructorAccessorImpl.java:45)


	at java.lang.reflect.Constructor.newInstance(Constructor.java:525)


	at org.openqa.selenium.remote.ErrorHandler.createThrowable(ErrorHandler.java:188)


	at org.openqa.selenium.remote.ErrorHandler.throwIfResponseFailed(ErrorHandler.java:145)


	at org.openqa.selenium.remote.RemoteWebDriver.execute(RemoteWebDriver.java:531)


	at org.openqa.selenium.remote.RemoteWebElement.execute(RemoteWebElement.java:246)


	at org.openqa.selenium.remote.RemoteWebElement.click(RemoteWebElement.java:79)


	at com.zalerio.config.GameUtil.closeGameEndPopUp(GameUtil.java:41)


	at com.zalerio.test.Create2PlayerGameTest.createGame(Create2PlayerGameTest.java:127)


	at sun.reflect.NativeMethodAccessorImpl.invoke0(Native Method)


	at sun.reflect.NativeMethodAccessorImpl.invoke(NativeMethodAccessorImpl.java:57)


	at sun.reflect.DelegatingMethodAccessorImpl.invoke(DelegatingMethodAccessorImpl.java:43)


	at java.lang.reflect.Method.invoke(Method.java:601)


	at org.junit.runners.model.FrameworkMethod$1.runReflectiveCall(FrameworkMethod.java:45)


	at org.junit.internal.runners.model.ReflectiveCallable.run(ReflectiveCallable.java:15)


	at org.junit.runners.model.FrameworkMethod.invokeExplosively(FrameworkMethod.java:42)


	at org.junit.internal.runners.statements.InvokeMethod.evaluate(InvokeMethod.java:20)


	at org.junit.internal.runners.statements.RunBefores.evaluate(RunBefores.java:28)


	at org.junit.internal.runners.statements.RunAfters.evaluate(RunAfters.java:30)


	at org.junit.rules.TestWatcher$1.evaluate(TestWatcher.java:47)


	at org.junit.rules.TestWatcher$1.evaluate(TestWatcher.java:47)


	at org.junit.rules.RunRules.evaluate(RunRules.java:18)


	at org.junit.runners.ParentRunner.runLeaf(ParentRunner.java:263)


	at org.junit.runners.BlockJUnit4ClassRunner.runChild(BlockJUnit4ClassRunner.java:68)


	at org.junit.runners.BlockJUnit4ClassRunner.runChild(BlockJUnit4ClassRunner.java:47)


	at org.junit.runners.ParentRunner$3.run(ParentRunner.java:231)


	at org.junit.runners.ParentRunner$1.schedule(ParentRunner.java:60)


	at org.junit.runners.ParentRunner.runChildren(ParentRunner.java:229)


	at org.junit.runners.ParentRunner.access$000(ParentRunner.java:50)


	at org.junit.runners.ParentRunner$2.evaluate(ParentRunner.java:222)


	at org.junit.runners.ParentRunner.run(ParentRunner.java:300)


	at org.apache.maven.surefire.junit4.JUnit4TestSet.execute(JUnit4TestSet.java:53)


	at org.apache.maven.surefire.junit4.JUnit4Provider.executeTestSet(JUnit4Provider.java:123)


	at org.apache.maven.surefire.junit4.JUnit4Provider.invoke(JUnit4Provider.java:104)


	at sun.reflect.NativeMethodAccessorImpl.invoke0(Native Method)


	at sun.reflect.NativeMethodAccessorImpl.invoke(NativeMethodAccessorImpl.java:57)


	at sun.reflect.DelegatingMethodAccessorImpl.invoke(DelegatingMethodAccessorImpl.java:43)


	at java.lang.reflect.Method.invoke(Method.java:601)


	at org.apache.maven.surefire.util.ReflectionUtils.invokeMethodWithArray(ReflectionUtils.java:164)


	at org.apache.maven.surefire.booter.ProviderFactory$ProviderProxy.invoke(ProviderFactory.java:110)


	at org.apache.maven.surefire.booter.SurefireStarter.invokeProvider(SurefireStarter.java:175)


	at org.apache.maven.surefire.booter.SurefireStarter.runSuitesInProcessWhenForked(SurefireStarter.java:107)


	at org.apache.maven.surefire.booter.ForkedBooter.main(ForkedBooter.java:68)


Caused by: org.openqa.selenium.ElementNotVisibleException: Element must be displayed to click (WARNING: The server did not provide any stacktrace information)
Command duration or timeout: 37 milliseconds
Build info: version: '2.18.0', revision: '15704', time: '2012-07-21 01:03:50'
System info: os.name: 'Windows 7', os.arch: 'x86', os.version: '6.1', java.version: '1.6.0_31'
Driver info: driver.version: RemoteWebDriver
Build info: version: '2.26.0', revision: '18040', time: '2012-11-02 09:44:45'
System info: os.name: 'Windows 8', os.arch: 'x86', os.version: '6.2', java.version: '1.7.0_09'
Driver info: driver.version: RemoteWebDriver


	at sun.reflect.NativeConstructorAccessorImpl.newInstance0(Native Method)


	at sun.reflect.NativeConstructorAccessorImpl.newInstance(Unknown Source)


	at sun.reflect.DelegatingConstructorAccessorImpl.newInstance(Unknown Source)


	at java.lang.reflect.Constructor.newInstance(Unknown Source)


	at org.openqa.selenium.remote.ErrorHandler.createThrowable(ErrorHandler.java:147)


	at org.openqa.selenium.remote.ErrorHandler.throwIfResponseFailed(ErrorHandler.java:113)


	at org.openqa.selenium.remote.RemoteWebDriver.execute(RemoteWebDriver.java:439)


	at org.openqa.selenium.remote.RemoteWebElement.execute(RemoteWebElement.java:231)


	at org.openqa.selenium.remote.RemoteWebElement.click(RemoteWebElement.java:72)


	at sun.reflect.NativeMethodAccessorImpl.invoke0(Native Method)


	at sun.reflect.NativeMethodAccessorImpl.invoke(Unknown Source)


	at sun.reflect.DelegatingMethodAccessorImpl.invoke(Unknown Source)


	at java.lang.reflect.Method.invoke(Unknown Source)


	at org.openqa.selenium.support.events.EventFiringWebDriver$EventFiringWebElement$1.invoke(EventFiringWebDriver.java:326)


	at $Proxy2.click(Unknown Source)


	at org.openqa.selenium.support.events.EventFiringWebDriver$EventFiringWebElement.click(EventFiringWebDriver.java:339)


	at sun.reflect.NativeMethodAccessorImpl.invoke0(Native Method)


	at sun.reflect.NativeMethodAccessorImpl.invoke(Unknown Source)


	at sun.reflect.DelegatingMethodAccessorImpl.invoke(Unknown Source)


	at java.lang.reflect.Method.invoke(Unknown Source)


	at org.openqa.selenium.remote.server.KnownElements$1.invoke(KnownElements.java:62)


	at $Proxy3.click(Unknown Source)


	at org.openqa.selenium.remote.server.handler.ClickElement.call(ClickElement.java:30)


	at org.openqa.selenium.remote.server.handler.ClickElement.call(ClickElement.java:1)


	at java.util.concurrent.FutureTask$Sync.innerRun(Unknown Source)


	at java.util.concurrent.FutureTask.run(Unknown Source)


	at java.util.concurrent.ThreadPoolExecutor$Worker.runTask(Unknown Source)


	at java.util.concurrent.ThreadPoolExecutor$Worker.run(Unknown Source)


	at java.lang.Thread.run(Unknown Source)


org.openqa.selenium.ElementNotVisibleException: Element must be displayed to click (WARNING: The server did not provide any stacktrace information)
Command duration or timeout: 42 milliseconds
Build info: version: '2.18.0', revision: '15704', time: '2012-07-21 01:03:50'
System info: os.name: 'Windows 7', os.arch: 'x86', os.version: '6.1', java.version: '1.6.0_31'
Driver info: driver.version: RemoteWebDriver
Command duration or timeout: 1.35 seconds
Build info: version: '2.26.0', revision: '18040', time: '2012-11-02 09:44:45'
System info: os.name: 'Windows 8', os.arch: 'x86', os.version: '6.2', java.version: '1.7.0_09'
Driver info: driver.version: RemoteWebDriver
Session ID: 6625624ed1684a879659add79e0a4614


	at sun.reflect.NativeConstructorAccessorImpl.newInstance0(Native Method)


	at sun.reflect.NativeConstructorAccessorImpl.newInstance(NativeConstructorAccessorImpl.java:57)


	at sun.reflect.DelegatingConstructorAccessorImpl.newInstance(DelegatingConstructorAccessorImpl.java:45)


	at java.lang.reflect.Constructor.newInstance(Constructor.java:525)


	at org.openqa.selenium.remote.ErrorHandler.createThrowable(ErrorHandler.java:188)


	at org.openqa.selenium.remote.ErrorHandler.throwIfResponseFailed(ErrorHandler.java:145)


	at org.openqa.selenium.remote.RemoteWebDriver.execute(RemoteWebDriver.java:531)


	at org.openqa.selenium.remote.RemoteWebElement.execute(RemoteWebElement.java:246)


	at org.openqa.selenium.remote.RemoteWebElement.click(RemoteWebElement.java:79)


	at com.zalerio.config.GameUtil.closeGameEndPopUp(GameUtil.java:41)


	at com.zalerio.test.Create2PlayerGameTest.createGame(Create2PlayerGameTest.java:154)


	at sun.reflect.NativeMethodAccessorImpl.invoke0(Native Method)


	at sun.reflect.NativeMethodAccessorImpl.invoke(NativeMethodAccessorImpl.java:57)


	at sun.reflect.DelegatingMethodAccessorImpl.invoke(DelegatingMethodAccessorImpl.java:43)


	at java.lang.reflect.Method.invoke(Method.java:601)


	at org.junit.runners.model.FrameworkMethod$1.runReflectiveCall(FrameworkMethod.java:45)


	at org.junit.internal.runners.model.ReflectiveCallable.run(ReflectiveCallable.java:15)


	at org.junit.runners.model.FrameworkMethod.invokeExplosively(FrameworkMethod.java:42)


	at org.junit.internal.runners.statements.InvokeMethod.evaluate(InvokeMethod.java:20)


	at org.junit.internal.runners.statements.RunBefores.evaluate(RunBefores.java:28)


	at org.junit.internal.runners.statements.RunAfters.evaluate(RunAfters.java:30)


	at org.junit.rules.TestWatcher$1.evaluate(TestWatcher.java:47)


	at org.junit.rules.TestWatcher$1.evaluate(TestWatcher.java:47)


	at org.junit.rules.RunRules.evaluate(RunRules.java:18)


	at org.junit.runners.ParentRunner.runLeaf(ParentRunner.java:263)


	at org.junit.runners.BlockJUnit4ClassRunner.runChild(BlockJUnit4ClassRunner.java:68)


	at org.junit.runners.BlockJUnit4ClassRunner.runChild(BlockJUnit4ClassRunner.java:47)


	at org.junit.runners.ParentRunner$3.run(ParentRunner.java:231)


	at org.junit.runners.ParentRunner$1.schedule(ParentRunner.java:60)


	at org.junit.runners.ParentRunner.runChildren(ParentRunner.java:229)


	at org.junit.runners.ParentRunner.access$000(ParentRunner.java:50)


	at org.junit.runners.ParentRunner$2.evaluate(ParentRunner.java:222)


	at org.junit.runners.ParentRunner.run(ParentRunner.java:300)


	at org.apache.maven.surefire.junit4.JUnit4TestSet.execute(JUnit4TestSet.java:53)


	at org.apache.maven.surefire.junit4.JUnit4Provider.executeTestSet(JUnit4Provider.java:123)


	at org.apache.maven.surefire.junit4.JUnit4Provider.invoke(JUnit4Provider.java:104)


	at sun.reflect.NativeMethodAccessorImpl.invoke0(Native Method)


	at sun.reflect.NativeMethodAccessorImpl.invoke(NativeMethodAccessorImpl.java:57)


	at sun.reflect.DelegatingMethodAccessorImpl.invoke(DelegatingMethodAccessorImpl.java:43)


	at java.lang.reflect.Method.invoke(Method.java:601)


	at org.apache.maven.surefire.util.ReflectionUtils.invokeMethodWithArray(ReflectionUtils.java:164)


	at org.apache.maven.surefire.booter.ProviderFactory$ProviderProxy.invoke(ProviderFactory.java:110)


	at org.apache.maven.surefire.booter.SurefireStarter.invokeProvider(SurefireStarter.java:175)


	at org.apache.maven.surefire.booter.SurefireStarter.runSuitesInProcessWhenForked(SurefireStarter.java:107)


	at org.apache.maven.surefire.booter.ForkedBooter.main(ForkedBooter.java:68)


Caused by: org.openqa.selenium.ElementNotVisibleException: Element must be displayed to click (WARNING: The server did not provide any stacktrace information)
Command duration or timeout: 42 milliseconds
Build info: version: '2.18.0', revision: '15704', time: '2012-07-21 01:03:50'
System info: os.name: 'Windows 7', os.arch: 'x86', os.version: '6.1', java.version: '1.6.0_31'
Driver info: driver.version: RemoteWebDriver
Build info: version: '2.26.0', revision: '18040', time: '2012-11-02 09:44:45'
System info: os.name: 'Windows 8', os.arch: 'x86', os.version: '6.2', java.version: '1.7.0_09'
Driver info: driver.version: RemoteWebDriver


	at sun.reflect.NativeConstructorAccessorImpl.newInstance0(Native Method)


	at sun.reflect.NativeConstructorAccessorImpl.newInstance(Unknown Source)


	at sun.reflect.DelegatingConstructorAccessorImpl.newInstance(Unknown Source)


	at java.lang.reflect.Constructor.newInstance(Unknown Source)


	at org.openqa.selenium.remote.ErrorHandler.createThrowable(ErrorHandler.java:147)


	at org.openqa.selenium.remote.ErrorHandler.throwIfResponseFailed(ErrorHandler.java:113)


	at org.openqa.selenium.remote.RemoteWebDriver.execute(RemoteWebDriver.java:439)


	at org.openqa.selenium.remote.RemoteWebElement.execute(RemoteWebElement.java:231)


	at org.openqa.selenium.remote.RemoteWebElement.click(RemoteWebElement.java:72)


	at sun.reflect.NativeMethodAccessorImpl.invoke0(Native Method)


	at sun.reflect.NativeMethodAccessorImpl.invoke(Unknown Source)


	at sun.reflect.DelegatingMethodAccessorImpl.invoke(Unknown Source)


	at java.lang.reflect.Method.invoke(Unknown Source)


	at org.openqa.selenium.support.events.EventFiringWebDriver$EventFiringWebElement$1.invoke(EventFiringWebDriver.java:326)


	at $Proxy2.click(Unknown Source)


	at org.openqa.selenium.support.events.EventFiringWebDriver$EventFiringWebElement.click(EventFiringWebDriver.java:339)


	at sun.reflect.NativeMethodAccessorImpl.invoke0(Native Method)


	at sun.reflect.NativeMethodAccessorImpl.invoke(Unknown Source)


	at sun.reflect.DelegatingMethodAccessorImpl.invoke(Unknown Source)


	at java.lang.reflect.Method.invoke(Unknown Source)


	at org.openqa.selenium.remote.server.KnownElements$1.invoke(KnownElements.java:62)


	at $Proxy3.click(Unknown Source)


	at org.openqa.selenium.remote.server.handler.ClickElement.call(ClickElement.java:30)


	at org.openqa.selenium.remote.server.handler.ClickElement.call(ClickElement.java:1)


	at java.util.concurrent.FutureTask$Sync.innerRun(Unknown Source)


	at java.util.concurrent.FutureTask.run(Unknown Source)


	at java.util.concurrent.ThreadPoolExecutor$Worker.runTask(Unknown Source)


	at java.util.concurrent.ThreadPoolExecutor$Worker.run(Unknown Source)


	at java.lang.Thread.run(Unknown Source)


org.openqa.selenium.ElementNotVisibleException: Element must be displayed to click (WARNING: The server did not provide any stacktrace information)
Command duration or timeout: 43 milliseconds
Build info: version: '2.18.0', revision: '15704', time: '2012-07-21 01:03:50'
System info: os.name: 'Windows 7', os.arch: 'x86', os.version: '6.1', java.version: '1.6.0_31'
Driver info: driver.version: RemoteWebDriver
Command duration or timeout: 1.42 seconds
Build info: version: '2.26.0', revision: '18040', time: '2012-11-02 09:44:45'
System info: os.name: 'Windows 8', os.arch: 'x86', os.version: '6.2', java.version: '1.7.0_09'
Driver info: driver.version: RemoteWebDriver
Session ID: 61d962770c44407688c16a95431336d6


	at sun.reflect.NativeConstructorAccessorImpl.newInstance0(Native Method)


	at sun.reflect.NativeConstructorAccessorImpl.newInstance(NativeConstructorAccessorImpl.java:57)


	at sun.reflect.DelegatingConstructorAccessorImpl.newInstance(DelegatingConstructorAccessorImpl.java:45)


	at java.lang.reflect.Constructor.newInstance(Constructor.java:525)


	at org.openqa.selenium.remote.ErrorHandler.createThrowable(ErrorHandler.java:188)


	at org.openqa.selenium.remote.ErrorHandler.throwIfResponseFailed(ErrorHandler.java:145)


	at org.openqa.selenium.remote.RemoteWebDriver.execute(RemoteWebDriver.java:531)


	at org.openqa.selenium.remote.RemoteWebElement.execute(RemoteWebElement.java:246)


	at org.openqa.selenium.remote.RemoteWebElement.click(RemoteWebElement.java:79)


	at com.zalerio.config.GameUtil.closeGameEndPopUp(GameUtil.java:41)


	at com.zalerio.test.Create2PlayerGameTest.createGame(Create2PlayerGameTest.java:166)


	at sun.reflect.NativeMethodAccessorImpl.invoke0(Native Method)


	at sun.reflect.NativeMethodAccessorImpl.invoke(NativeMethodAccessorImpl.java:57)


	at sun.reflect.DelegatingMethodAccessorImpl.invoke(DelegatingMethodAccessorImpl.java:43)


	at java.lang.reflect.Method.invoke(Method.java:601)


	at org.junit.runners.model.FrameworkMethod$1.runReflectiveCall(FrameworkMethod.java:45)


	at org.junit.internal.runners.model.ReflectiveCallable.run(ReflectiveCallable.java:15)


	at org.junit.runners.model.FrameworkMethod.invokeExplosively(FrameworkMethod.java:42)


	at org.junit.internal.runners.statements.InvokeMethod.evaluate(InvokeMethod.java:20)


	at org.junit.internal.runners.statements.RunBefores.evaluate(RunBefores.java:28)


	at org.junit.internal.runners.statements.RunAfters.evaluate(RunAfters.java:30)


	at org.junit.rules.TestWatcher$1.evaluate(TestWatcher.java:47)


	at org.junit.rules.TestWatcher$1.evaluate(TestWatcher.java:47)


	at org.junit.rules.RunRules.evaluate(RunRules.java:18)


	at org.junit.runners.ParentRunner.runLeaf(ParentRunner.java:263)


	at org.junit.runners.BlockJUnit4ClassRunner.runChild(BlockJUnit4ClassRunner.java:68)


	at org.junit.runners.BlockJUnit4ClassRunner.runChild(BlockJUnit4ClassRunner.java:47)


	at org.junit.runners.ParentRunner$3.run(ParentRunner.java:231)


	at org.junit.runners.ParentRunner$1.schedule(ParentRunner.java:60)


	at org.junit.runners.ParentRunner.runChildren(ParentRunner.java:229)


	at org.junit.runners.ParentRunner.access$000(ParentRunner.java:50)


	at org.junit.runners.ParentRunner$2.evaluate(ParentRunner.java:222)


	at org.junit.runners.ParentRunner.run(ParentRunner.java:300)


	at org.apache.maven.surefire.junit4.JUnit4TestSet.execute(JUnit4TestSet.java:53)


	at org.apache.maven.surefire.junit4.JUnit4Provider.executeTestSet(JUnit4Provider.java:123)


	at org.apache.maven.surefire.junit4.JUnit4Provider.invoke(JUnit4Provider.java:104)


	at sun.reflect.NativeMethodAccessorImpl.invoke0(Native Method)


	at sun.reflect.NativeMethodAccessorImpl.invoke(NativeMethodAccessorImpl.java:57)


	at sun.reflect.DelegatingMethodAccessorImpl.invoke(DelegatingMethodAccessorImpl.java:43)


	at java.lang.reflect.Method.invoke(Method.java:601)


	at org.apache.maven.surefire.util.ReflectionUtils.invokeMethodWithArray(ReflectionUtils.java:164)


	at org.apache.maven.surefire.booter.ProviderFactory$ProviderProxy.invoke(ProviderFactory.java:110)


	at org.apache.maven.surefire.booter.SurefireStarter.invokeProvider(SurefireStarter.java:175)


	at org.apache.maven.surefire.booter.SurefireStarter.runSuitesInProcessWhenForked(SurefireStarter.java:107)


	at org.apache.maven.surefire.booter.ForkedBooter.main(ForkedBooter.java:68)


Caused by: org.openqa.selenium.ElementNotVisibleException: Element must be displayed to click (WARNING: The server did not provide any stacktrace information)
Command duration or timeout: 43 milliseconds
Build info: version: '2.18.0', revision: '15704', time: '2012-07-21 01:03:50'
System info: os.name: 'Windows 7', os.arch: 'x86', os.version: '6.1', java.version: '1.6.0_31'
Driver info: driver.version: RemoteWebDriver
Build info: version: '2.26.0', revision: '18040', time: '2012-11-02 09:44:45'
System info: os.name: 'Windows 8', os.arch: 'x86', os.version: '6.2', java.version: '1.7.0_09'
Driver info: driver.version: RemoteWebDriver


	at sun.reflect.NativeConstructorAccessorImpl.newInstance0(Native Method)


	at sun.reflect.NativeConstructorAccessorImpl.newInstance(Unknown Source)


	at sun.reflect.DelegatingConstructorAccessorImpl.newInstance(Unknown Source)


	at java.lang.reflect.Constructor.newInstance(Unknown Source)


	at org.openqa.selenium.remote.ErrorHandler.createThrowable(ErrorHandler.java:147)


	at org.openqa.selenium.remote.ErrorHandler.throwIfResponseFailed(ErrorHandler.java:113)


	at org.openqa.selenium.remote.RemoteWebDriver.execute(RemoteWebDriver.java:439)


	at org.openqa.selenium.remote.RemoteWebElement.execute(RemoteWebElement.java:231)


	at org.openqa.selenium.remote.RemoteWebElement.click(RemoteWebElement.java:72)


	at sun.reflect.GeneratedMethodAccessor23.invoke(Unknown Source)


	at sun.reflect.DelegatingMethodAccessorImpl.invoke(Unknown Source)


	at java.lang.reflect.Method.invoke(Unknown Source)


	at org.openqa.selenium.support.events.EventFiringWebDriver$EventFiringWebElement$1.invoke(EventFiringWebDriver.java:326)


	at $Proxy2.click(Unknown Source)


	at org.openqa.selenium.support.events.EventFiringWebDriver$EventFiringWebElement.click(EventFiringWebDriver.java:339)


	at sun.reflect.GeneratedMethodAccessor23.invoke(Unknown Source)


	at sun.reflect.DelegatingMethodAccessorImpl.invoke(Unknown Source)


	at java.lang.reflect.Method.invoke(Unknown Source)


	at org.openqa.selenium.remote.server.KnownElements$1.invoke(KnownElements.java:62)


	at $Proxy3.click(Unknown Source)


	at org.openqa.selenium.remote.server.handler.ClickElement.call(ClickElement.java:30)


	at org.openqa.selenium.remote.server.handler.ClickElement.call(ClickElement.java:1)


	at java.util.concurrent.FutureTask$Sync.innerRun(Unknown Source)


	at java.util.concurrent.FutureTask.run(Unknown Source)


	at java.util.concurrent.ThreadPoolExecutor$Worker.runTask(Unknown Source)


	at java.util.concurrent.ThreadPoolExecutor$Worker.run(Unknown Source)


	at java.lang.Thread.run(Unknown Source)


org.openqa.selenium.WebDriverException: Job 6625624ed1684a879659add79e0a4614 has already finished, and can't receive further commands. It may have experienced an error. You can learn more at https://saucelabs.com/jobs/6625624ed1684a879659add79e0a4614 (WARNING: The server did not provide any stacktrace information)
Command duration or timeout: 597 milliseconds
Build info: version: '2.26.0', revision: '18040', time: '2012-11-02 09:44:45'
System info: os.name: 'Windows 8', os.arch: 'x86', os.version: '6.2', java.version: '1.7.0_09'
Driver info: driver.version: RemoteWebDriver


	at sun.reflect.NativeConstructorAccessorImpl.newInstance0(Native Method)


	at sun.reflect.NativeConstructorAccessorImpl.newInstance(NativeConstructorAccessorImpl.java:57)


	at sun.reflect.DelegatingConstructorAccessorImpl.newInstance(DelegatingConstructorAccessorImpl.java:45)


	at java.lang.reflect.Constructor.newInstance(Constructor.java:525)


	at org.openqa.selenium.remote.ErrorHandler.createThrowable(ErrorHandler.java:188)


	at org.openqa.selenium.remote.ErrorHandler.throwIfResponseFailed(ErrorHandler.java:145)


	at org.openqa.selenium.remote.RemoteWebDriver.execute(RemoteWebDriver.java:531)


	at org.openqa.selenium.remote.RemoteWebDriver.findElement(RemoteWebDriver.java:301)


	at org.openqa.selenium.remote.RemoteWebDriver.findElementById(RemoteWebDriver.java:330)


	at org.openqa.selenium.By$ById.findElement(By.java:215)


	at org.openqa.selenium.remote.RemoteWebDriver.findElement(RemoteWebDriver.java:293)


	at com.zalerio.config.GameUtil.closeGameEndPopUp(GameUtil.java:39)


	at com.zalerio.test.Create2PlayerGameTest.createGame(Create2PlayerGameTest.java:252)


	at sun.reflect.NativeMethodAccessorImpl.invoke0(Native Method)


	at sun.reflect.NativeMethodAccessorImpl.invoke(NativeMethodAccessorImpl.java:57)


	at sun.reflect.DelegatingMethodAccessorImpl.invoke(DelegatingMethodAccessorImpl.java:43)


	at java.lang.reflect.Method.invoke(Method.java:601)


	at org.junit.runners.model.FrameworkMethod$1.runReflectiveCall(FrameworkMethod.java:45)


	at org.junit.internal.runners.model.ReflectiveCallable.run(ReflectiveCallable.java:15)


	at org.junit.runners.model.FrameworkMethod.invokeExplosively(FrameworkMethod.java:42)


	at org.junit.internal.runners.statements.InvokeMethod.evaluate(InvokeMethod.java:20)


	at org.junit.internal.runners.statements.RunBefores.evaluate(RunBefores.java:28)


	at org.junit.internal.runners.statements.RunAfters.evaluate(RunAfters.java:30)


	at org.junit.rules.TestWatcher$1.evaluate(TestWatcher.java:47)


	at org.junit.rules.TestWatcher$1.evaluate(TestWatcher.java:47)


	at org.junit.rules.RunRules.evaluate(RunRules.java:18)


	at org.junit.runners.ParentRunner.runLeaf(ParentRunner.java:263)


	at org.junit.runners.BlockJUnit4ClassRunner.runChild(BlockJUnit4ClassRunner.java:68)


	at org.junit.runners.BlockJUnit4ClassRunner.runChild(BlockJUnit4ClassRunner.java:47)


	at org.junit.runners.ParentRunner$3.run(ParentRunner.java:231)


	at org.junit.runners.ParentRunner$1.schedule(ParentRunner.java:60)


	at org.junit.runners.ParentRunner.runChildren(ParentRunner.java:229)


	at org.junit.runners.ParentRunner.access$000(ParentRunner.java:50)


	at org.junit.runners.ParentRunner$2.evaluate(ParentRunner.java:222)


	at org.junit.runners.ParentRunner.run(ParentRunner.java:300)


	at org.apache.maven.surefire.junit4.JUnit4TestSet.execute(JUnit4TestSet.java:53)


	at org.apache.maven.surefire.junit4.JUnit4Provider.executeTestSet(JUnit4Provider.java:123)


	at org.apache.maven.surefire.junit4.JUnit4Provider.invoke(JUnit4Provider.java:104)


	at sun.reflect.NativeMethodAccessorImpl.invoke0(Native Method)


	at sun.reflect.NativeMethodAccessorImpl.invoke(NativeMethodAccessorImpl.java:57)


	at sun.reflect.DelegatingMethodAccessorImpl.invoke(DelegatingMethodAccessorImpl.java:43)


	at java.lang.reflect.Method.invoke(Method.java:601)


	at org.apache.maven.surefire.util.ReflectionUtils.invokeMethodWithArray(ReflectionUtils.java:164)


	at org.apache.maven.surefire.booter.ProviderFactory$ProviderProxy.invoke(ProviderFactory.java:110)


	at org.apache.maven.surefire.booter.SurefireStarter.invokeProvider(SurefireStarter.java:175)


	at org.apache.maven.surefire.booter.SurefireStarter.runSuitesInProcessWhenForked(SurefireStarter.java:107)


	at org.apache.maven.surefire.booter.ForkedBooter.main(ForkedBooter.java:68)


org.openqa.selenium.WebDriverException: Job 6625624ed1684a879659add79e0a4614 has already finished, and can't receive further commands. It may have experienced an error. You can learn more at https://saucelabs.com/jobs/6625624ed1684a879659add79e0a4614 (WARNING: The server did not provide any stacktrace information)
Command duration or timeout: 306 milliseconds
Build info: version: '2.26.0', revision: '18040', time: '2012-11-02 09:44:45'
System info: os.name: 'Windows 8', os.arch: 'x86', os.version: '6.2', java.version: '1.7.0_09'
Driver info: driver.version: RemoteWebDriver


	at sun.reflect.NativeConstructorAccessorImpl.newInstance0(Native Method)


	at sun.reflect.NativeConstructorAccessorImpl.newInstance(NativeConstructorAccessorImpl.java:57)


	at sun.reflect.DelegatingConstructorAccessorImpl.newInstance(DelegatingConstructorAccessorImpl.java:45)


	at java.lang.reflect.Constructor.newInstance(Constructor.java:525)


	at org.openqa.selenium.remote.ErrorHandler.createThrowable(ErrorHandler.java:188)


	at org.openqa.selenium.remote.ErrorHandler.throwIfResponseFailed(ErrorHandler.java:145)


	at org.openqa.selenium.remote.RemoteWebDriver.execute(RemoteWebDriver.java:531)


	at org.openqa.selenium.remote.RemoteWebDriver.findElement(RemoteWebDriver.java:301)


	at org.openqa.selenium.remote.RemoteWebDriver.findElementByClassName(RemoteWebDriver.java:370)


	at org.openqa.selenium.By$ByClassName.findElement(By.java:370)


	at org.openqa.selenium.remote.RemoteWebDriver.findElement(RemoteWebDriver.java:293)


	at com.zalerio.config.GameUtil.closeGameEndPopUp(GameUtil.java:52)


	at com.zalerio.test.Create2PlayerGameTest.createGame(Create2PlayerGameTest.java:252)


	at sun.reflect.NativeMethodAccessorImpl.invoke0(Native Method)


	at sun.reflect.NativeMethodAccessorImpl.invoke(NativeMethodAccessorImpl.java:57)


	at sun.reflect.DelegatingMethodAccessorImpl.invoke(DelegatingMethodAccessorImpl.java:43)


	at java.lang.reflect.Method.invoke(Method.java:601)


	at org.junit.runners.model.FrameworkMethod$1.runReflectiveCall(FrameworkMethod.java:45)


	at org.junit.internal.runners.model.ReflectiveCallable.run(ReflectiveCallable.java:15)


	at org.junit.runners.model.FrameworkMethod.invokeExplosively(FrameworkMethod.java:42)


	at org.junit.internal.runners.statements.InvokeMethod.evaluate(InvokeMethod.java:20)


	at org.junit.internal.runners.statements.RunBefores.evaluate(RunBefores.java:28)


	at org.junit.internal.runners.statements.RunAfters.evaluate(RunAfters.java:30)


	at org.junit.rules.TestWatcher$1.evaluate(TestWatcher.java:47)


	at org.junit.rules.TestWatcher$1.evaluate(TestWatcher.java:47)


	at org.junit.rules.RunRules.evaluate(RunRules.java:18)


	at org.junit.runners.ParentRunner.runLeaf(ParentRunner.java:263)


	at org.junit.runners.BlockJUnit4ClassRunner.runChild(BlockJUnit4ClassRunner.java:68)


	at org.junit.runners.BlockJUnit4ClassRunner.runChild(BlockJUnit4ClassRunner.java:47)


	at org.junit.runners.ParentRunner$3.run(ParentRunner.java:231)


	at org.junit.runners.ParentRunner$1.schedule(ParentRunner.java:60)


	at org.junit.runners.ParentRunner.runChildren(ParentRunner.java:229)


	at org.junit.runners.ParentRunner.access$000(ParentRunner.java:50)


	at org.junit.runners.ParentRunner$2.evaluate(ParentRunner.java:222)


	at org.junit.runners.ParentRunner.run(ParentRunner.java:300)


	at org.apache.maven.surefire.junit4.JUnit4TestSet.execute(JUnit4TestSet.java:53)


	at org.apache.maven.surefire.junit4.JUnit4Provider.executeTestSet(JUnit4Provider.java:123)


	at org.apache.maven.surefire.junit4.JUnit4Provider.invoke(JUnit4Provider.java:104)


	at sun.reflect.NativeMethodAccessorImpl.invoke0(Native Method)


	at sun.reflect.NativeMethodAccessorImpl.invoke(NativeMethodAccessorImpl.java:57)


	at sun.reflect.DelegatingMethodAccessorImpl.invoke(DelegatingMethodAccessorImpl.java:43)


	at java.lang.reflect.Method.invoke(Method.java:601)


	at org.apache.maven.surefire.util.ReflectionUtils.invokeMethodWithArray(ReflectionUtils.java:164)


	at org.apache.maven.surefire.booter.ProviderFactory$ProviderProxy.invoke(ProviderFactory.java:110)


	at org.apache.maven.surefire.booter.SurefireStarter.invokeProvider(SurefireStarter.java:175)


	at org.apache.maven.surefire.booter.SurefireStarter.runSuitesInProcessWhenForked(SurefireStarter.java:107)


	at org.apache.maven.surefire.booter.ForkedBooter.main(ForkedBooter.java:68)


SauceOnDemandSessionID=6625624ed1684a879659add79e0a4614 job-name=com.zalerio.test.Create2PlayerGameTest.createGame

